#
# There is insufficient memory for the Java Runtime Environment to continue.
# Native memory allocation (malloc) failed to allocate 70736 bytes for Chunk::new
# Possible reasons:
#   The system is out of physical RAM or swap space
#   The process is running with CompressedOops enabled, and the Java Heap may be blocking the growth of the native heap
# Possible solutions:
#   Reduce memory load on the system
#   Increase physical memory or swap space
#   Check if swap backing store is full
#   Decrease Java heap size (-Xmx/-Xms)
#   Decrease number of Java threads
#   Decrease Java thread stack sizes (-Xss)
#   Set larger code cache with -XX:ReservedCodeCacheSize=
#   JVM is running with Unscaled Compressed Oops mode in which the Java heap is
#     placed in the first 4GB address space. The Java Heap base address is the
#     maximum limit for the native heap growth. Please use -XX:HeapBaseMinAddress
#     to set the Java Heap base and to place the Java Heap above 4GB virtual address.
# This output file may be truncated or incomplete.
#
#  Out of Memory Error (allocation.cpp:389), pid=9956, tid=0x0000000000001a20
#
# JRE version: OpenJDK Runtime Environment (8.0_242-b01) (build 1.8.0_242-release-1644-b01)
# Java VM: OpenJDK 64-Bit Server VM (25.242-b01 mixed mode windows-amd64 compressed oops)
# Failed to write core dump. Minidumps are not enabled by default on client versions of Windows
#

---------------  T H R E A D  ---------------

Current thread (0x000000001a07f800):  JavaThread "C2 CompilerThread0" daemon [_thread_in_native, id=6688, stack(0x000000001a950000,0x000000001aa50000)]

Stack: [0x000000001a950000,0x000000001aa50000]
[error occurred during error reporting (printing stack bounds), id 0xc0000005]

Native frames: (J=compiled Java code, j=interpreted, Vv=VM code, C=native code)


Current CompileTask:
C2:   8124 3683   !   4       java.lang.ClassLoader::getPackage (118 bytes)


---------------  P R O C E S S  ---------------

Java Threads: ( => current thread )
  0x000000001c278000 JavaThread "jar transforms Thread 92" [_thread_blocked, id=15236, stack(0x000000002aea0000,0x000000002afa0000)]
  0x000000001c277000 JavaThread "jar transforms Thread 91" [_thread_blocked, id=12568, stack(0x000000002ada0000,0x000000002aea0000)]
  0x000000001c276800 JavaThread "jar transforms Thread 90" [_thread_blocked, id=10024, stack(0x000000002aca0000,0x000000002ada0000)]
  0x000000001c273800 JavaThread "jar transforms Thread 89" [_thread_blocked, id=580, stack(0x000000002aba0000,0x000000002aca0000)]
  0x000000001c272800 JavaThread "jar transforms Thread 88" [_thread_blocked, id=9224, stack(0x000000002aaa0000,0x000000002aba0000)]
  0x000000001c26b000 JavaThread "jar transforms Thread 87" [_thread_blocked, id=7340, stack(0x000000002a9a0000,0x000000002aaa0000)]
  0x000000001c272000 JavaThread "jar transforms Thread 86" [_thread_blocked, id=8348, stack(0x000000002a8a0000,0x000000002a9a0000)]
  0x000000001c26a800 JavaThread "jar transforms Thread 85" [_thread_blocked, id=9524, stack(0x000000002a7a0000,0x000000002a8a0000)]
  0x000000001c271000 JavaThread "jar transforms Thread 84" [_thread_blocked, id=3412, stack(0x000000002a6a0000,0x000000002a7a0000)]
  0x000000001c269800 JavaThread "jar transforms Thread 83" [_thread_blocked, id=10496, stack(0x000000002a5a0000,0x000000002a6a0000)]
  0x000000001c26c800 JavaThread "jar transforms Thread 82" [_thread_blocked, id=13588, stack(0x000000002a4a0000,0x000000002a5a0000)]
  0x000000001c270800 JavaThread "jar transforms Thread 81" [_thread_blocked, id=9624, stack(0x000000002a3a0000,0x000000002a4a0000)]
  0x000000001c269000 JavaThread "jar transforms Thread 80" [_thread_blocked, id=15880, stack(0x000000002a2a0000,0x000000002a3a0000)]
  0x000000001c26f000 JavaThread "jar transforms Thread 79" [_thread_blocked, id=16256, stack(0x000000002a1a0000,0x000000002a2a0000)]
  0x000000001c26c000 JavaThread "jar transforms Thread 78" [_thread_blocked, id=3504, stack(0x000000002a0a0000,0x000000002a1a0000)]
  0x000000001c26e000 JavaThread "jar transforms Thread 77" [_thread_blocked, id=13112, stack(0x0000000029fa0000,0x000000002a0a0000)]
  0x000000001c26d800 JavaThread "jar transforms Thread 76" [_thread_blocked, id=13864, stack(0x0000000029ea0000,0x0000000029fa0000)]
  0x000000001c26f800 JavaThread "jar transforms Thread 75" [_thread_blocked, id=2028, stack(0x0000000029da0000,0x0000000029ea0000)]
  0x0000000022262000 JavaThread "jar transforms Thread 74" [_thread_blocked, id=1312, stack(0x0000000029ca0000,0x0000000029da0000)]
  0x0000000022261000 JavaThread "jar transforms Thread 73" [_thread_blocked, id=13476, stack(0x0000000029ba0000,0x0000000029ca0000)]
  0x0000000022260800 JavaThread "jar transforms Thread 72" [_thread_blocked, id=10244, stack(0x0000000029aa0000,0x0000000029ba0000)]
  0x000000002225f800 JavaThread "jar transforms Thread 71" [_thread_blocked, id=4036, stack(0x00000000299a0000,0x0000000029aa0000)]
  0x0000000022258000 JavaThread "jar transforms Thread 70" [_thread_blocked, id=6780, stack(0x00000000298a0000,0x00000000299a0000)]
  0x000000002225f000 JavaThread "jar transforms Thread 69" [_thread_blocked, id=8188, stack(0x00000000297a0000,0x00000000298a0000)]
  0x0000000022259800 JavaThread "jar transforms Thread 68" [_thread_blocked, id=13632, stack(0x00000000296a0000,0x00000000297a0000)]
  0x000000002225e000 JavaThread "jar transforms Thread 67" [_thread_blocked, id=6540, stack(0x00000000295a0000,0x00000000296a0000)]
  0x000000002225b000 JavaThread "jar transforms Thread 66" [_thread_blocked, id=2148, stack(0x00000000294a0000,0x00000000295a0000)]
  0x000000002225d800 JavaThread "jar transforms Thread 65" [_thread_blocked, id=5884, stack(0x00000000293a0000,0x00000000294a0000)]
  0x000000002225a800 JavaThread "jar transforms Thread 64" [_thread_blocked, id=13008, stack(0x00000000292a0000,0x00000000293a0000)]
  0x0000000022256000 JavaThread "jar transforms Thread 63" [_thread_blocked, id=2720, stack(0x00000000291a0000,0x00000000292a0000)]
  0x000000002225c800 JavaThread "jar transforms Thread 62" [_thread_blocked, id=6188, stack(0x00000000290a0000,0x00000000291a0000)]
  0x0000000022255000 JavaThread "jar transforms Thread 61" [_thread_blocked, id=11048, stack(0x0000000028fa0000,0x00000000290a0000)]
  0x000000002225c000 JavaThread "jar transforms Thread 60" [_thread_blocked, id=10484, stack(0x0000000028ea0000,0x0000000028fa0000)]
  0x0000000022253800 JavaThread "jar transforms Thread 59" [_thread_blocked, id=16252, stack(0x0000000028da0000,0x0000000028ea0000)]
  0x0000000022253000 JavaThread "jar transforms Thread 58" [_thread_blocked, id=11712, stack(0x0000000028ca0000,0x0000000028da0000)]
  0x0000000022259000 JavaThread "jar transforms Thread 57" [_thread_blocked, id=12892, stack(0x0000000028ba0000,0x0000000028ca0000)]
  0x0000000022256800 JavaThread "jar transforms Thread 56" [_thread_blocked, id=14820, stack(0x0000000028aa0000,0x0000000028ba0000)]
  0x0000000022257800 JavaThread "jar transforms Thread 55" [_thread_blocked, id=2184, stack(0x00000000289a0000,0x0000000028aa0000)]
  0x0000000022254800 JavaThread "jar transforms Thread 54" [_thread_blocked, id=5708, stack(0x00000000288a0000,0x00000000289a0000)]
  0x000000001a2a6000 JavaThread "jar transforms Thread 53" [_thread_blocked, id=6708, stack(0x00000000287a0000,0x00000000288a0000)]
  0x000000001a2a5800 JavaThread "jar transforms Thread 52" [_thread_blocked, id=15896, stack(0x00000000286a0000,0x00000000287a0000)]
  0x000000001a2a4800 JavaThread "jar transforms Thread 51" [_thread_blocked, id=15084, stack(0x00000000285a0000,0x00000000286a0000)]
  0x000000001a2a3000 JavaThread "jar transforms Thread 50" [_thread_blocked, id=14308, stack(0x00000000284a0000,0x00000000285a0000)]
  0x000000001a2a4000 JavaThread "jar transforms Thread 49" [_thread_blocked, id=7584, stack(0x00000000283a0000,0x00000000284a0000)]
  0x000000001a2a2800 JavaThread "jar transforms Thread 48" [_thread_blocked, id=5856, stack(0x00000000282a0000,0x00000000283a0000)]
  0x000000001a29b800 JavaThread "jar transforms Thread 47" [_thread_blocked, id=11996, stack(0x00000000281a0000,0x00000000282a0000)]
  0x000000001a29b000 JavaThread "jar transforms Thread 46" [_thread_blocked, id=8544, stack(0x00000000280a0000,0x00000000281a0000)]
  0x000000001a2a1800 JavaThread "jar transforms Thread 45" [_thread_blocked, id=13744, stack(0x0000000027fa0000,0x00000000280a0000)]
  0x000000001a29a000 JavaThread "jar transforms Thread 44" [_thread_blocked, id=12588, stack(0x0000000027ea0000,0x0000000027fa0000)]
  0x000000001a2a1000 JavaThread "jar transforms Thread 43" [_thread_blocked, id=7180, stack(0x0000000027da0000,0x0000000027ea0000)]
  0x000000001a2a0000 JavaThread "jar transforms Thread 42" [_thread_blocked, id=13952, stack(0x0000000027ca0000,0x0000000027da0000)]
  0x000000001a29e800 JavaThread "jar transforms Thread 41" [_thread_blocked, id=3716, stack(0x0000000027ba0000,0x0000000027ca0000)]
  0x000000001a299800 JavaThread "jar transforms Thread 40" [_thread_blocked, id=8696, stack(0x0000000027aa0000,0x0000000027ba0000)]
  0x000000001a29e000 JavaThread "jar transforms Thread 39" [_thread_blocked, id=2040, stack(0x00000000279a0000,0x0000000027aa0000)]
  0x000000001a29d000 JavaThread "jar transforms Thread 38" [_thread_blocked, id=9420, stack(0x00000000278a0000,0x00000000279a0000)]
  0x000000001a29c800 JavaThread "jar transforms Thread 37" [_thread_blocked, id=4732, stack(0x00000000277a0000,0x00000000278a0000)]
  0x000000001a29f800 JavaThread "jar transforms Thread 36" [_thread_blocked, id=9916, stack(0x00000000276a0000,0x00000000277a0000)]
  0x000000001a298800 JavaThread "jar transforms Thread 35" [_thread_blocked, id=13944, stack(0x00000000275a0000,0x00000000276a0000)]
  0x000000001a298000 JavaThread "jar transforms Thread 34" [_thread_blocked, id=5544, stack(0x00000000274a0000,0x00000000275a0000)]
  0x000000001a297000 JavaThread "jar transforms Thread 33" [_thread_blocked, id=5316, stack(0x00000000273a0000,0x00000000274a0000)]
  0x000000001b807800 JavaThread "jar transforms Thread 32" [_thread_blocked, id=2296, stack(0x00000000272a0000,0x00000000273a0000)]
  0x000000001b807000 JavaThread "jar transforms Thread 31" [_thread_blocked, id=15332, stack(0x00000000271a0000,0x00000000272a0000)]
  0x000000001b806000 JavaThread "jar transforms Thread 30" [_thread_blocked, id=4356, stack(0x00000000270a0000,0x00000000271a0000)]
  0x000000001b805800 JavaThread "jar transforms Thread 29" [_thread_blocked, id=3116, stack(0x0000000026fa0000,0x00000000270a0000)]
  0x000000001b7fd800 JavaThread "jar transforms Thread 28" [_thread_blocked, id=4920, stack(0x0000000026ea0000,0x0000000026fa0000)]
  0x000000001b804800 JavaThread "jar transforms Thread 27" [_thread_blocked, id=12744, stack(0x0000000026da0000,0x0000000026ea0000)]
  0x000000001b803800 JavaThread "jar transforms Thread 26" [_thread_blocked, id=2472, stack(0x0000000026ca0000,0x0000000026da0000)]
  0x000000001b803000 JavaThread "jar transforms Thread 25" [_thread_blocked, id=380, stack(0x0000000026ba0000,0x0000000026ca0000)]
  0x000000001b802000 JavaThread "jar transforms Thread 24" [_thread_blocked, id=5892, stack(0x0000000026aa0000,0x0000000026ba0000)]
  0x000000001b801800 JavaThread "jar transforms Thread 23" [_thread_blocked, id=1308, stack(0x00000000269a0000,0x0000000026aa0000)]
  0x000000001b7fe800 JavaThread "jar transforms Thread 22" [_thread_blocked, id=2528, stack(0x00000000268a0000,0x00000000269a0000)]
  0x000000001b7fa000 JavaThread "jar transforms Thread 21" [_thread_blocked, id=12688, stack(0x00000000267a0000,0x00000000268a0000)]
  0x000000001b7fd000 JavaThread "jar transforms Thread 20" [_thread_blocked, id=12608, stack(0x00000000266a0000,0x00000000267a0000)]
  0x000000001b800800 JavaThread "jar transforms Thread 19" [_thread_blocked, id=3440, stack(0x00000000265a0000,0x00000000266a0000)]
  0x000000001b7fa800 JavaThread "jar transforms Thread 18" [_thread_blocked, id=7704, stack(0x00000000264a0000,0x00000000265a0000)]
  0x000000001b7fc000 JavaThread "jar transforms Thread 17" [_thread_blocked, id=4620, stack(0x00000000263a0000,0x00000000264a0000)]
  0x000000001b800000 JavaThread "jar transforms Thread 16" [_thread_blocked, id=3872, stack(0x00000000262a0000,0x00000000263a0000)]
  0x000000001b7ff000 JavaThread "jar transforms Thread 15" [_thread_blocked, id=12512, stack(0x00000000261a0000,0x00000000262a0000)]
  0x000000001b7f9000 JavaThread "jar transforms Thread 14" [_thread_blocked, id=13180, stack(0x00000000260a0000,0x00000000261a0000)]
  0x000000001b7fb800 JavaThread "jar transforms Thread 13" [_thread_blocked, id=8596, stack(0x0000000025fa0000,0x00000000260a0000)]
  0x000000001b7f8800 JavaThread "jar transforms Thread 12" [_thread_blocked, id=6552, stack(0x0000000025ea0000,0x0000000025fa0000)]
  0x000000001b5b5000 JavaThread "jar transforms Thread 11" [_thread_blocked, id=14532, stack(0x0000000025da0000,0x0000000025ea0000)]
  0x000000001b5b3000 JavaThread "jar transforms Thread 10" [_thread_blocked, id=5144, stack(0x0000000025ca0000,0x0000000025da0000)]
  0x000000001b5b4800 JavaThread "jar transforms Thread 9" [_thread_blocked, id=7820, stack(0x0000000025ba0000,0x0000000025ca0000)]
  0x000000001b5b2000 JavaThread "jar transforms Thread 8" [_thread_blocked, id=10576, stack(0x0000000025aa0000,0x0000000025ba0000)]
  0x000000001b5b1800 JavaThread "jar transforms Thread 7" [_thread_blocked, id=13732, stack(0x00000000259a0000,0x0000000025aa0000)]
  0x000000001b5b3800 JavaThread "jar transforms Thread 6" [_thread_blocked, id=2640, stack(0x00000000258a0000,0x00000000259a0000)]
  0x000000001b5aa000 JavaThread "jar transforms Thread 5" [_thread_blocked, id=4760, stack(0x00000000257a0000,0x00000000258a0000)]
  0x000000001b5b0800 JavaThread "jar transforms Thread 4" [_thread_blocked, id=15736, stack(0x00000000256a0000,0x00000000257a0000)]
  0x000000001b5ab800 JavaThread "jar transforms Thread 3" [_thread_blocked, id=13968, stack(0x0000000024bc0000,0x0000000024cc0000)]
  0x000000001b5b0000 JavaThread "jar transforms Thread 2" [_thread_blocked, id=14732, stack(0x0000000024ac0000,0x0000000024bc0000)]
  0x000000001b5a9000 JavaThread "Build operations Thread 8" [_thread_blocked, id=14252, stack(0x00000000254a0000,0x00000000255a0000)]
  0x000000001b5aa800 JavaThread "Build operations Thread 7" [_thread_blocked, id=8736, stack(0x00000000253a0000,0x00000000254a0000)]
  0x000000001b5ad000 JavaThread "Build operations Thread 6" [_thread_blocked, id=7268, stack(0x00000000252a0000,0x00000000253a0000)]
  0x000000001b5ac000 JavaThread "Build operations Thread 5" [_thread_blocked, id=2388, stack(0x00000000251a0000,0x00000000252a0000)]
  0x000000001b5af000 JavaThread "Build operations Thread 4" [_thread_blocked, id=8672, stack(0x00000000250a0000,0x00000000251a0000)]
  0x000000001b5a8800 JavaThread "Build operations Thread 3" [_thread_blocked, id=5652, stack(0x0000000024fa0000,0x00000000250a0000)]
  0x000000001b5ad800 JavaThread "Build operations Thread 2" [_thread_blocked, id=10708, stack(0x0000000024ea0000,0x0000000024fa0000)]
  0x000000001b5ae800 JavaThread "Build operations" [_thread_blocked, id=11376, stack(0x0000000024da0000,0x0000000024ea0000)]
  0x000000001ca81800 JavaThread "Cache worker for file content cache (C:\Users\ACER\.gradle\caches\6.5\fileContent)" [_thread_blocked, id=7736, stack(0x00000000243c0000,0x00000000244c0000)]
  0x000000001ca80800 JavaThread "jar transforms" [_thread_blocked, id=2500, stack(0x00000000242c0000,0x00000000243c0000)]
  0x000000001ca80000 JavaThread "Cache worker for execution history cache (C:\Users\ACER\.gradle\caches\6.5\executionHistory)" [_thread_blocked, id=16092, stack(0x0000000022b40000,0x0000000022c40000)]
  0x000000001ca83000 JavaThread "Cache worker for cache directory md-rule (C:\Users\ACER\.gradle\caches\6.5\md-rule)" [_thread_blocked, id=6716, stack(0x00000000219b0000,0x0000000021ab0000)]
  0x000000001ca86000 JavaThread "Cache worker for cache directory md-supplier (C:\Users\ACER\.gradle\caches\6.5\md-supplier)" [_thread_blocked, id=7928, stack(0x00000000218b0000,0x00000000219b0000)]
  0x000000001ca83800 JavaThread "Cache worker for checksums cache (C:\Users\ACER\AndroidStudioProjects\Quiz10118053\.gradle\checksums)" [_thread_blocked, id=6228, stack(0x00000000217b0000,0x00000000218b0000)]
  0x000000001ca85000 JavaThread "Cache worker for file hash cache (C:\Users\ACER\AndroidStudioProjects\Quiz10118053\.gradle\6.5\fileHashes)" [_thread_blocked, id=14396, stack(0x00000000214b0000,0x00000000215b0000)]
  0x000000001ca84800 JavaThread "Cache worker for file hash cache (C:\Users\ACER\.gradle\caches\6.5\fileHashes)" [_thread_blocked, id=11372, stack(0x000000001ef70000,0x000000001f070000)]
  0x000000001ca86800 JavaThread "File lock request listener" [_thread_in_native, id=10268, stack(0x000000001ee70000,0x000000001ef70000)]
  0x000000001cbc7800 JavaThread "Cache worker for journal cache (C:\Users\ACER\.gradle\caches\journal-1)" [_thread_blocked, id=9532, stack(0x000000001ed70000,0x000000001ee70000)]
  0x000000001c9ed800 JavaThread "Thread-9" [_thread_blocked, id=1328, stack(0x000000001ea70000,0x000000001eb70000)]
  0x000000001b0ba000 JavaThread "Stdin handler" [_thread_blocked, id=8072, stack(0x000000001e970000,0x000000001ea70000)]
  0x000000001b0b9000 JavaThread "Asynchronous log dispatcher for DefaultDaemonConnection: socket connection from /127.0.0.1:50749 to /127.0.0.1:50751" [_thread_blocked, id=10936, stack(0x000000001e870000,0x000000001e970000)]
  0x000000001c9ef000 JavaThread "Daemon worker" [_thread_in_native, id=3316, stack(0x000000001e770000,0x000000001e870000)]
  0x000000001c9f5000 JavaThread "Cancel handler" [_thread_blocked, id=4132, stack(0x000000001e670000,0x000000001e770000)]
  0x000000001ca0b000 JavaThread "Handler for socket connection from /127.0.0.1:50749 to /127.0.0.1:50751" [_thread_in_native, id=13348, stack(0x000000001e370000,0x000000001e470000)]
  0x000000001c963800 JavaThread "Daemon" [_thread_blocked, id=10772, stack(0x000000001e270000,0x000000001e370000)]
  0x000000001c962000 JavaThread "Daemon periodic checks" [_thread_blocked, id=15764, stack(0x000000001e170000,0x000000001e270000)]
  0x000000001c915800 JavaThread "Incoming local TCP Connector on port 50749" [_thread_in_native, id=7832, stack(0x000000001df30000,0x000000001e030000)]
  0x000000001afe4800 JavaThread "Daemon health stats" [_thread_blocked, id=9860, stack(0x000000001d8f0000,0x000000001d9f0000)]
  0x000000001a117000 JavaThread "Service Thread" daemon [_thread_blocked, id=8432, stack(0x000000001ad50000,0x000000001ae50000)]
  0x000000001a08d800 JavaThread "C1 CompilerThread3" daemon [_thread_blocked, id=6348, stack(0x000000001ac50000,0x000000001ad50000)]
  0x000000001a089800 JavaThread "C2 CompilerThread2" daemon [_thread_blocked, id=12236, stack(0x000000001ab50000,0x000000001ac50000)]
  0x000000001a082000 JavaThread "C2 CompilerThread1" daemon [_thread_in_native, id=16376, stack(0x000000001aa50000,0x000000001ab50000)]
=>0x000000001a07f800 JavaThread "C2 CompilerThread0" daemon [_thread_in_native, id=6688, stack(0x000000001a950000,0x000000001aa50000)]
  0x000000001a07e800 JavaThread "Attach Listener" daemon [_thread_blocked, id=15744, stack(0x000000001a850000,0x000000001a950000)]
  0x000000001828e000 JavaThread "Signal Dispatcher" daemon [_thread_blocked, id=3372, stack(0x000000001a750000,0x000000001a850000)]
  0x0000000003178800 JavaThread "Finalizer" daemon [_thread_blocked, id=4264, stack(0x000000001a550000,0x000000001a650000)]
  0x000000001827c000 JavaThread "Reference Handler" daemon [_thread_blocked, id=13104, stack(0x000000001a450000,0x000000001a550000)]
  0x000000000320d800 JavaThread "main" [_thread_blocked, id=6628, stack(0x0000000002f60000,0x0000000003060000)]

Other Threads:
  0x0000000018277800 VMThread [stack: 0x0000000019f50000,0x000000001a050000] [id=10192]
  0x000000001a117800 WatcherThread [stack: 0x000000001ae50000,0x000000001af50000] [id=2044]

VM state:not at safepoint (normal execution)

VM Mutex/Monitor currently owned by a thread: None

heap address: 0x0000000080000000, size: 2048 MB, Compressed Oops mode: 32-bit
Narrow klass base: 0x0000000000000000, Narrow klass shift: 3
Compressed class space size: 1073741824 Address: 0x0000000100000000

Heap:
 PSYoungGen      total 105472K, used 8681K [0x00000000d5580000, 0x00000000dc800000, 0x0000000100000000)
  eden space 93696K, 1% used [0x00000000d5580000,0x00000000d571df88,0x00000000db100000)
  from space 11776K, 59% used [0x00000000db100000,0x00000000db7dc5c8,0x00000000dbc80000)
  to   space 11264K, 0% used [0x00000000dbd00000,0x00000000dbd00000,0x00000000dc800000)
 ParOldGen       total 76800K, used 14433K [0x0000000080000000, 0x0000000084b00000, 0x00000000d5580000)
  object space 76800K, 18% used [0x0000000080000000,0x0000000080e186a0,0x0000000084b00000)
 Metaspace       used 37316K, capacity 39002K, committed 39080K, reserved 1083392K
  class space    used 5158K, capacity 5517K, committed 5552K, reserved 1048576K

Card table byte_map: [0x00000000125d0000,0x00000000129e0000] byte_map_base: 0x00000000121d0000

Marking Bits: (ParMarkBitMap*) 0x000000005edff030
 Begin Bits: [0x0000000013490000, 0x0000000015490000)
 End Bits:   [0x0000000015490000, 0x0000000017490000)

Polling page: 0x0000000001740000

CodeCache: size=245760Kb used=12009Kb max_used=12012Kb free=233750Kb
 bounds [0x0000000003210000, 0x0000000003de0000, 0x0000000012210000]
 total_blobs=4181 nmethods=3477 adapters=616
 compilation: enabled

Compilation events (10 events):
Event: 8.084 Thread 0x000000001a089800 3691       4       java.io.WinNTFileSystem::prefixLength (91 bytes)
Event: 8.086 Thread 0x000000001a089800 nmethod 3691 0x0000000003dc52d0 code [0x0000000003dc5420, 0x0000000003dc55d8]
Event: 8.090 Thread 0x000000001a08d800 3692       1       com.google.common.collect.MapMakerInternalMap$StrongKeyWeakValueSegment::access$100 (5 bytes)
Event: 8.090 Thread 0x000000001a08d800 nmethod 3692 0x0000000003db7550 code [0x0000000003db76a0, 0x0000000003db7790]
Event: 8.095 Thread 0x000000001a08d800 3693       3       com.google.common.collect.MapMakerInternalMap$StrongKeyWeakValueSegment::self (5 bytes)
Event: 8.095 Thread 0x000000001a08d800 nmethod 3693 0x0000000003dc4e90 code [0x0000000003dc4fe0, 0x0000000003dc5210]
Event: 8.095 Thread 0x000000001a08d800 3694       3       com.google.common.collect.MapMakerInternalMap$StrongKeyWeakValueSegment::self (2 bytes)
Event: 8.095 Thread 0x000000001a08d800 nmethod 3694 0x0000000003dc4b50 code [0x0000000003dc4ca0, 0x0000000003dc4df0]
Event: 8.120 Thread 0x000000001a08d800 3695       3       com.google.common.collect.MapMakerInternalMap::segmentFor (17 bytes)
Event: 8.120 Thread 0x000000001a08d800 nmethod 3695 0x0000000003dc4790 code [0x0000000003dc48e0, 0x0000000003dc4a70]

GC Heap History (10 events):
Event: 5.543 GC heap before
{Heap before GC invocations=9 (full 1):
 PSYoungGen      total 75776K, used 64512K [0x00000000d5580000, 0x00000000dab80000, 0x0000000100000000)
  eden space 64512K, 100% used [0x00000000d5580000,0x00000000d9480000,0x00000000d9480000)
  from space 11264K, 0% used [0x00000000d9480000,0x00000000d9480000,0x00000000d9f80000)
  to   space 10240K, 0% used [0x00000000d9f80000,0x00000000d9f80000,0x00000000da980000)
 ParOldGen       total 49664K, used 6734K [0x0000000080000000, 0x0000000083080000, 0x00000000d5580000)
  object space 49664K, 13% used [0x0000000080000000,0x00000000806938b0,0x0000000083080000)
 Metaspace       used 28551K, capacity 29428K, committed 29616K, reserved 1075200K
  class space    used 3956K, capacity 4188K, committed 4272K, reserved 1048576K
Event: 5.552 GC heap after
Heap after GC invocations=9 (full 1):
 PSYoungGen      total 74752K, used 8361K [0x00000000d5580000, 0x00000000ddc80000, 0x0000000100000000)
  eden space 64512K, 0% used [0x00000000d5580000,0x00000000d5580000,0x00000000d9480000)
  from space 10240K, 81% used [0x00000000d9f80000,0x00000000da7aa568,0x00000000da980000)
  to   space 11264K, 0% used [0x00000000d9480000,0x00000000d9480000,0x00000000d9f80000)
 ParOldGen       total 49664K, used 6742K [0x0000000080000000, 0x0000000083080000, 0x00000000d5580000)
  object space 49664K, 13% used [0x0000000080000000,0x00000000806958b0,0x0000000083080000)
 Metaspace       used 28551K, capacity 29428K, committed 29616K, reserved 1075200K
  class space    used 3956K, capacity 4188K, committed 4272K, reserved 1048576K
}
Event: 6.506 GC heap before
{Heap before GC invocations=10 (full 1):
 PSYoungGen      total 74752K, used 72873K [0x00000000d5580000, 0x00000000ddc80000, 0x0000000100000000)
  eden space 64512K, 100% used [0x00000000d5580000,0x00000000d9480000,0x00000000d9480000)
  from space 10240K, 81% used [0x00000000d9f80000,0x00000000da7aa568,0x00000000da980000)
  to   space 11264K, 0% used [0x00000000d9480000,0x00000000d9480000,0x00000000d9f80000)
 ParOldGen       total 49664K, used 6742K [0x0000000080000000, 0x0000000083080000, 0x00000000d5580000)
  object space 49664K, 13% used [0x0000000080000000,0x00000000806958b0,0x0000000083080000)
 Metaspace       used 32746K, capacity 33786K, committed 33968K, reserved 1079296K
  class space    used 4478K, capacity 4751K, committed 4784K, reserved 1048576K
Event: 6.518 GC heap after
Heap after GC invocations=10 (full 1):
 PSYoungGen      total 75776K, used 9140K [0x00000000d5580000, 0x00000000dc880000, 0x0000000100000000)
  eden space 64512K, 0% used [0x00000000d5580000,0x00000000d5580000,0x00000000d9480000)
  from space 11264K, 81% used [0x00000000d9480000,0x00000000d9d6d230,0x00000000d9f80000)
  to   space 11776K, 0% used [0x00000000dbd00000,0x00000000dbd00000,0x00000000dc880000)
 ParOldGen       total 49664K, used 6750K [0x0000000080000000, 0x0000000083080000, 0x00000000d5580000)
  object space 49664K, 13% used [0x0000000080000000,0x00000000806978b0,0x0000000083080000)
 Metaspace       used 32746K, capacity 33786K, committed 33968K, reserved 1079296K
  class space    used 4478K, capacity 4751K, committed 4784K, reserved 1048576K
}
Event: 6.862 GC heap before
{Heap before GC invocations=11 (full 1):
 PSYoungGen      total 75776K, used 38421K [0x00000000d5580000, 0x00000000dc880000, 0x0000000100000000)
  eden space 64512K, 45% used [0x00000000d5580000,0x00000000d7218480,0x00000000d9480000)
  from space 11264K, 81% used [0x00000000d9480000,0x00000000d9d6d230,0x00000000d9f80000)
  to   space 11776K, 0% used [0x00000000dbd00000,0x00000000dbd00000,0x00000000dc880000)
 ParOldGen       total 49664K, used 6750K [0x0000000080000000, 0x0000000083080000, 0x00000000d5580000)
  object space 49664K, 13% used [0x0000000080000000,0x00000000806978b0,0x0000000083080000)
 Metaspace       used 34271K, capacity 35398K, committed 35496K, reserved 1079296K
  class space    used 4719K, capacity 5002K, committed 5040K, reserved 1048576K
Event: 6.873 GC heap after
Heap after GC invocations=11 (full 1):
 PSYoungGen      total 104960K, used 5059K [0x00000000d5580000, 0x00000000dc800000, 0x0000000100000000)
  eden space 93696K, 0% used [0x00000000d5580000,0x00000000d5580000,0x00000000db100000)
  from space 11264K, 44% used [0x00000000dbd00000,0x00000000dc1f0f40,0x00000000dc800000)
  to   space 11776K, 0% used [0x00000000db100000,0x00000000db100000,0x00000000dbc80000)
 ParOldGen       total 49664K, used 9912K [0x0000000080000000, 0x0000000083080000, 0x00000000d5580000)
  object space 49664K, 19% used [0x0000000080000000,0x00000000809ae320,0x0000000083080000)
 Metaspace       used 34271K, capacity 35398K, committed 35496K, reserved 1079296K
  class space    used 4719K, capacity 5002K, committed 5040K, reserved 1048576K
}
Event: 6.873 GC heap before
{Heap before GC invocations=12 (full 2):
 PSYoungGen      total 104960K, used 5059K [0x00000000d5580000, 0x00000000dc800000, 0x0000000100000000)
  eden space 93696K, 0% used [0x00000000d5580000,0x00000000d5580000,0x00000000db100000)
  from space 11264K, 44% used [0x00000000dbd00000,0x00000000dc1f0f40,0x00000000dc800000)
  to   space 11776K, 0% used [0x00000000db100000,0x00000000db100000,0x00000000dbc80000)
 ParOldGen       total 49664K, used 9912K [0x0000000080000000, 0x0000000083080000, 0x00000000d5580000)
  object space 49664K, 19% used [0x0000000080000000,0x00000000809ae320,0x0000000083080000)
 Metaspace       used 34271K, capacity 35398K, committed 35496K, reserved 1079296K
  class space    used 4719K, capacity 5002K, committed 5040K, reserved 1048576K
Event: 6.995 GC heap after
Heap after GC invocations=12 (full 2):
 PSYoungGen      total 104960K, used 0K [0x00000000d5580000, 0x00000000dc800000, 0x0000000100000000)
  eden space 93696K, 0% used [0x00000000d5580000,0x00000000d5580000,0x00000000db100000)
  from space 11264K, 0% used [0x00000000dbd00000,0x00000000dbd00000,0x00000000dc800000)
  to   space 11776K, 0% used [0x00000000db100000,0x00000000db100000,0x00000000dbc80000)
 ParOldGen       total 76800K, used 14425K [0x0000000080000000, 0x0000000084b00000, 0x00000000d5580000)
  object space 76800K, 18% used [0x0000000080000000,0x0000000080e166a0,0x0000000084b00000)
 Metaspace       used 34271K, capacity 35398K, committed 35496K, reserved 1079296K
  class space    used 4719K, capacity 5002K, committed 5040K, reserved 1048576K
}
Event: 8.103 GC heap before
{Heap before GC invocations=13 (full 2):
 PSYoungGen      total 104960K, used 93696K [0x00000000d5580000, 0x00000000dc800000, 0x0000000100000000)
  eden space 93696K, 100% used [0x00000000d5580000,0x00000000db100000,0x00000000db100000)
  from space 11264K, 0% used [0x00000000dbd00000,0x00000000dbd00000,0x00000000dc800000)
  to   space 11776K, 0% used [0x00000000db100000,0x00000000db100000,0x00000000dbc80000)
 ParOldGen       total 76800K, used 14425K [0x0000000080000000, 0x0000000084b00000, 0x00000000d5580000)
  object space 76800K, 18% used [0x0000000080000000,0x0000000080e166a0,0x0000000084b00000)
 Metaspace       used 37190K, capacity 38906K, committed 39080K, reserved 1083392K
  class space    used 5142K, capacity 5485K, committed 5552K, reserved 1048576K
Event: 8.113 GC heap after
Heap after GC invocations=13 (full 2):
 PSYoungGen      total 105472K, used 7025K [0x00000000d5580000, 0x00000000dc800000, 0x0000000100000000)
  eden space 93696K, 0% used [0x00000000d5580000,0x00000000d5580000,0x00000000db100000)
  from space 11776K, 59% used [0x00000000db100000,0x00000000db7dc5c8,0x00000000dbc80000)
  to   space 11264K, 0% used [0x00000000dbd00000,0x00000000dbd00000,0x00000000dc800000)
 ParOldGen       total 76800K, used 14433K [0x0000000080000000, 0x0000000084b00000, 0x00000000d5580000)
  object space 76800K, 18% used [0x0000000080000000,0x0000000080e186a0,0x0000000084b00000)
 Metaspace       used 37190K, capacity 38906K, committed 39080K, reserved 1083392K
  class space    used 5142K, capacity 5485K, committed 5552K, reserved 1048576K
}

Deoptimization events (10 events):
Event: 7.783 Thread 0x000000001b5b0800 Uncommon trap: reason=unstable_if action=reinterpret pc=0x0000000003d7851c method=java.util.concurrent.SynchronousQueue$TransferStack.shouldSpin(Ljava/util/concurrent/SynchronousQueue$TransferStack$SNode;)Z @ 7
Event: 7.854 Thread 0x000000001c9ef000 Uncommon trap: reason=unstable_if action=reinterpret pc=0x000000000358de2c method=java.util.jar.JarFile.match([C[B[I[I)Z @ 29
Event: 7.906 Thread 0x000000001c9ef000 Uncommon trap: reason=bimorphic action=maybe_recompile pc=0x0000000003b0520c method=java.util.AbstractCollection.addAll(Ljava/util/Collection;)Z @ 29
Event: 7.987 Thread 0x000000001c9ef000 Uncommon trap: reason=unstable_if action=reinterpret pc=0x00000000035321d0 method=java.util.regex.Pattern.has(I)Z @ 6
Event: 7.988 Thread 0x000000001c9ef000 Uncommon trap: reason=bimorphic action=maybe_recompile pc=0x0000000003b0520c method=java.util.AbstractCollection.addAll(Ljava/util/Collection;)Z @ 29
Event: 8.024 Thread 0x000000001c9ef000 Uncommon trap: reason=predicate action=maybe_recompile pc=0x000000000378cf08 method=com.google.common.base.CharMatcher.indexIn(Ljava/lang/CharSequence;I)I @ 22
Event: 8.040 Thread 0x000000001c9ef000 Uncommon trap: reason=bimorphic action=maybe_recompile pc=0x0000000003c320a4 method=java.lang.ClassLoader.getPackage(Ljava/lang/String;)Ljava/lang/Package; @ 47
Event: 8.040 Thread 0x000000001c9ef000 Uncommon trap: reason=bimorphic action=maybe_recompile pc=0x0000000003c320a4 method=java.lang.ClassLoader.getPackage(Ljava/lang/String;)Ljava/lang/Package; @ 47
Event: 8.040 Thread 0x000000001c9ef000 Uncommon trap: reason=bimorphic action=maybe_recompile pc=0x0000000003c320a4 method=java.lang.ClassLoader.getPackage(Ljava/lang/String;)Ljava/lang/Package; @ 47
Event: 8.040 Thread 0x000000001c9ef000 Uncommon trap: reason=bimorphic action=maybe_recompile pc=0x0000000003c320a4 method=java.lang.ClassLoader.getPackage(Ljava/lang/String;)Ljava/lang/Package; @ 47

Classes redefined (0 events):
No events

Internal exceptions (10 events):
Event: 7.992 Thread 0x000000001c9ed800 Exception <a 'java/lang/NoSuchMethodError': <clinit>> (0x00000000d55aa220) thrown at [C:\src\AOSP-openjdk-git\hotspot\src\share\vm\prims\jni.cpp, line 1615]
Event: 7.996 Thread 0x000000001c9ed800 Exception <a 'java/lang/NoSuchMethodError': <clinit>> (0x00000000d55b4490) thrown at [C:\src\AOSP-openjdk-git\hotspot\src\share\vm\prims\jni.cpp, line 1615]
Event: 7.997 Thread 0x000000001c9ed800 Exception <a 'java/lang/NoSuchMethodError': <clinit>> (0x00000000daa69218) thrown at [C:\src\AOSP-openjdk-git\hotspot\src\share\vm\prims\jni.cpp, line 1615]
Event: 7.999 Thread 0x000000001c9ed800 Exception <a 'java/lang/NoSuchMethodError': <clinit>> (0x00000000daa7c5e8) thrown at [C:\src\AOSP-openjdk-git\hotspot\src\share\vm\prims\jni.cpp, line 1615]
Event: 8.014 Thread 0x000000001c9ef000 Exception <a 'java/lang/ClassNotFoundException': build_6o7v0bn1felwgcunp57genp65BeanInfo> (0x00000000dab03540) thrown at [C:\src\AOSP-openjdk-git\hotspot\src\share\vm\classfile\systemDictionary.cpp, line 210]
Event: 8.014 Thread 0x000000001c9ef000 Exception <a 'java/lang/ClassNotFoundException': build_6o7v0bn1felwgcunp57genp65Customizer> (0x00000000dab0f180) thrown at [C:\src\AOSP-openjdk-git\hotspot\src\share\vm\classfile\systemDictionary.cpp, line 210]
Event: 8.021 Thread 0x000000001c9ef000 Exception <a 'java/lang/ClassNotFoundException': org/gradle/plugin/use/internal/PluginRequestCollector$PluginDependenciesSpecImplBeanInfo> (0x00000000dabaeda8) thrown at [C:\src\AOSP-openjdk-git\hotspot\src\share\vm\classfile\systemDictionary.cpp, line 21
Event: 8.022 Thread 0x000000001c9ef000 Exception <a 'java/lang/ClassNotFoundException': org/gradle/plugin/use/internal/PluginRequestCollector$PluginDependenciesSpecImplCustomizer> (0x00000000dabeece8) thrown at [C:\src\AOSP-openjdk-git\hotspot\src\share\vm\classfile\systemDictionary.cpp, line 
Event: 8.067 Thread 0x000000001c9ef000 Exception <a 'java/lang/ClassNotFoundException': org/gradle/api/internal/plugins/DefaultObjectConfigurationActionBeanInfo> (0x00000000daedea28) thrown at [C:\src\AOSP-openjdk-git\hotspot\src\share\vm\classfile\systemDictionary.cpp, line 210]
Event: 8.069 Thread 0x000000001c9ef000 Exception <a 'java/lang/ClassNotFoundException': org/gradle/api/internal/plugins/DefaultObjectConfigurationActionCustomizer> (0x00000000daf22d88) thrown at [C:\src\AOSP-openjdk-git\hotspot\src\share\vm\classfile\systemDictionary.cpp, line 210]

Events (10 events):
Event: 8.118 Executing VM operation: RevokeBias
Event: 8.119 Executing VM operation: RevokeBias done
Event: 8.119 Executing VM operation: RevokeBias
Event: 8.119 Executing VM operation: RevokeBias done
Event: 8.119 Executing VM operation: RevokeBias
Event: 8.120 Executing VM operation: RevokeBias done
Event: 8.120 loading class com/google/common/base/Splitter$1
Event: 8.120 loading class com/google/common/base/Splitter$1 done
Event: 8.121 loading class com/google/common/base/Splitter$SplittingIterator
Event: 8.121 loading class com/google/common/base/Splitter$SplittingIterator done


Dynamic libraries:
0x00007ff7b5960000 - 0x00007ff7b5991000 	C:\Program Files\Android\Android Studio\jre\bin\java.exe
0x00007ff930c50000 - 0x00007ff930e45000 	C:\WINDOWS\SYSTEM32\ntdll.dll
0x00007ff92f410000 - 0x00007ff92f4cd000 	C:\WINDOWS\System32\KERNEL32.DLL
0x00007ff92e500000 - 0x00007ff92e7c9000 	C:\WINDOWS\System32\KERNELBASE.dll
0x00007ff9301a0000 - 0x00007ff93024c000 	C:\WINDOWS\System32\ADVAPI32.dll
0x00007ff92fc40000 - 0x00007ff92fcde000 	C:\WINDOWS\System32\msvcrt.dll
0x00007ff92f590000 - 0x00007ff92f62c000 	C:\WINDOWS\System32\sechost.dll
0x00007ff92fd90000 - 0x00007ff92febb000 	C:\WINDOWS\System32\RPCRT4.dll
0x00007ff92faa0000 - 0x00007ff92fc40000 	C:\WINDOWS\System32\USER32.dll
0x00007ff92e880000 - 0x00007ff92e8a2000 	C:\WINDOWS\System32\win32u.dll
0x00007ff92f560000 - 0x00007ff92f58a000 	C:\WINDOWS\System32\GDI32.dll
0x00007ff92e9b0000 - 0x00007ff92eabb000 	C:\WINDOWS\System32\gdi32full.dll
0x00007ff92e390000 - 0x00007ff92e42d000 	C:\WINDOWS\System32\msvcp_win.dll
0x00007ff92e8b0000 - 0x00007ff92e9b0000 	C:\WINDOWS\System32\ucrtbase.dll
0x00007ff918100000 - 0x00007ff91839a000 	C:\WINDOWS\WinSxS\amd64_microsoft.windows.common-controls_6595b64144ccf1df_6.0.19041.844_none_ca00b6081b84eb1d\COMCTL32.dll
0x00007ff92f630000 - 0x00007ff92f660000 	C:\WINDOWS\System32\IMM32.DLL
0x000000005e440000 - 0x000000005e512000 	C:\Program Files\Android\Android Studio\jre\jre\bin\msvcr100.dll
0x000000005e630000 - 0x000000005ee7b000 	C:\Program Files\Android\Android Studio\jre\jre\bin\server\jvm.dll
0x00007ff92f400000 - 0x00007ff92f408000 	C:\WINDOWS\System32\PSAPI.DLL
0x00007ff919f10000 - 0x00007ff919f1a000 	C:\WINDOWS\SYSTEM32\VERSION.dll
0x00007ff920820000 - 0x00007ff920847000 	C:\WINDOWS\SYSTEM32\WINMM.dll
0x00007ff92bbe0000 - 0x00007ff92bbe9000 	C:\WINDOWS\SYSTEM32\WSOCK32.dll
0x00007ff92ff80000 - 0x00007ff92ffeb000 	C:\WINDOWS\System32\WS2_32.dll
0x00007ff9291e0000 - 0x00007ff9291ef000 	C:\Program Files\Android\Android Studio\jre\jre\bin\verify.dll
0x00007ff928db0000 - 0x00007ff928dd9000 	C:\Program Files\Android\Android Studio\jre\jre\bin\java.dll
0x00007ff928d90000 - 0x00007ff928da6000 	C:\Program Files\Android\Android Studio\jre\jre\bin\zip.dll
0x00007ff92ecb0000 - 0x00007ff92f3f2000 	C:\WINDOWS\System32\SHELL32.dll
0x00007ff92c4d0000 - 0x00007ff92cc60000 	C:\WINDOWS\SYSTEM32\windows.storage.dll
0x00007ff92f660000 - 0x00007ff92f9b5000 	C:\WINDOWS\System32\combase.dll
0x00007ff92de00000 - 0x00007ff92de2c000 	C:\WINDOWS\SYSTEM32\Wldp.dll
0x00007ff92fce0000 - 0x00007ff92fd8e000 	C:\WINDOWS\System32\SHCORE.dll
0x00007ff930250000 - 0x00007ff9302a5000 	C:\WINDOWS\System32\shlwapi.dll
0x00007ff92e2d0000 - 0x00007ff92e2ef000 	C:\WINDOWS\SYSTEM32\profapi.dll
0x00007ff928d70000 - 0x00007ff928d8a000 	C:\Program Files\Android\Android Studio\jre\jre\bin\net.dll
0x00007ff92db80000 - 0x00007ff92dbea000 	C:\WINDOWS\system32\mswsock.dll
0x00007ff928d50000 - 0x00007ff928d63000 	C:\Program Files\Android\Android Studio\jre\jre\bin\nio.dll
0x00007ff927760000 - 0x00007ff927787000 	C:\Users\ACER\.gradle\native\f6784746aeab05261644944871eae4fe03e0ef1612fff0a4a95f87b438bc6780\windows-amd64\native-platform.dll
0x00007ff9291d0000 - 0x00007ff9291dd000 	C:\Program Files\Android\Android Studio\jre\jre\bin\management.dll
0x00007ff92dd50000 - 0x00007ff92dd68000 	C:\WINDOWS\SYSTEM32\CRYPTSP.dll
0x00007ff92d450000 - 0x00007ff92d484000 	C:\WINDOWS\system32\rsaenh.dll
0x00007ff92ec20000 - 0x00007ff92ec47000 	C:\WINDOWS\System32\bcrypt.dll
0x00007ff92e290000 - 0x00007ff92e2be000 	C:\WINDOWS\SYSTEM32\USERENV.dll
0x00007ff92e430000 - 0x00007ff92e4b0000 	C:\WINDOWS\System32\bcryptprimitives.dll
0x00007ff92dd70000 - 0x00007ff92dd7c000 	C:\WINDOWS\SYSTEM32\CRYPTBASE.dll
0x00007ff92d820000 - 0x00007ff92d85b000 	C:\WINDOWS\SYSTEM32\IPHLPAPI.DLL
0x00007ff930130000 - 0x00007ff930138000 	C:\WINDOWS\System32\NSI.dll
0x00007ff921b30000 - 0x00007ff921b47000 	C:\WINDOWS\SYSTEM32\dhcpcsvc6.DLL
0x00007ff924720000 - 0x00007ff92473d000 	C:\WINDOWS\SYSTEM32\dhcpcsvc.DLL
0x00007ff92d870000 - 0x00007ff92d93b000 	C:\WINDOWS\SYSTEM32\DNSAPI.dll
0x00007ff926de0000 - 0x00007ff926deb000 	C:\WINDOWS\SYSTEM32\WINNSI.DLL

VM Arguments:
jvm_args: -Xmx2048m -Dfile.encoding=UTF-8 -Duser.country=US -Duser.language=en -Duser.variant 
java_command: org.gradle.launcher.daemon.bootstrap.GradleDaemon 6.5
java_class_path (initial): C:\Users\ACER\.gradle\wrapper\dists\gradle-6.5-bin\6nifqtx7604sqp1q6g8wikw7p\gradle-6.5\lib\gradle-launcher-6.5.jar
Launcher Type: SUN_STANDARD

Environment Variables:
PATH=C:\Program Files (x86)\Common Files\Oracle\Java\javapath;C:\Users\ACER\AppData\Local\Microsoft\WindowsApps;C:\Program Files\Java\jdk1.8.0_181\bin;C:\Program Files (x86)\Microsoft SQL Server\90\Tools\binn\;C:\xampp\mysql\bin;C:\WINDOWS\system32;C:\WINDOWS;C:\WINDOWS\System32\Wbem;C:\WINDOWS\System32\WindowsPowerShell\v1.0\;C:\WINDOWS\System32\OpenSSH\;C:\Program Files\NVIDIA Corporation\NVIDIA NvDLISR;C:\Program Files (x86)\NVIDIA Corporation\PhysX\Common;C:\Program Files\Git\cmd;C:\WINDOWS\system32;C:\Users\ACER\AppData\Local\Microsoft\WindowsApps;
USERNAME=ACER
OS=Windows_NT
PROCESSOR_IDENTIFIER=Intel64 Family 6 Model 158 Stepping 10, GenuineIntel



---------------  S Y S T E M  ---------------

OS: Windows 10.0 , 64 bit Build 19041 (10.0.19041.804)

CPU:total 8 (initial active 8) (4 cores per cpu, 2 threads per core) family 6 model 158 stepping 10, cmov, cx8, fxsr, mmx, sse, sse2, sse3, ssse3, sse4.1, sse4.2, popcnt, avx, avx2, aes, clmul, erms, 3dnowpref, lzcnt, ht, tsc, tscinvbit, bmi1, bmi2, adx

Memory: 4k page, physical 8227124k(954752k free), swap 11852084k(5068k free)

vm_info: OpenJDK 64-Bit Server VM (25.242-b01) for windows-amd64 JRE (1.8.0_242-release-1644-b01), built by "builder" with MS VC++ 10.0 (VS2010)

time: Sat May 29 10:51:09 2021
timezone: SE Asia Standard Time
elapsed time: 8 seconds (0d 0h 0m 8s)

