#
# There is insufficient memory for the Java Runtime Environment to continue.
# Native memory allocation (malloc) failed to allocate 1455056 bytes for Chunk::new
# Possible reasons:
#   The system is out of physical RAM or swap space
#   The process is running with CompressedOops enabled, and the Java Heap may be blocking the growth of the native heap
# Possible solutions:
#   Reduce memory load on the system
#   Increase physical memory or swap space
#   Check if swap backing store is full
#   Decrease Java heap size (-Xmx/-Xms)
#   Decrease number of Java threads
#   Decrease Java thread stack sizes (-Xss)
#   Set larger code cache with -XX:ReservedCodeCacheSize=
#   JVM is running with Unscaled Compressed Oops mode in which the Java heap is
#     placed in the first 4GB address space. The Java Heap base address is the
#     maximum limit for the native heap growth. Please use -XX:HeapBaseMinAddress
#     to set the Java Heap base and to place the Java Heap above 4GB virtual address.
# This output file may be truncated or incomplete.
#
#  Out of Memory Error (allocation.cpp:389), pid=7020, tid=0x000000000000212c
#
# JRE version: OpenJDK Runtime Environment (8.0_242-b01) (build 1.8.0_242-release-1644-b01)
# Java VM: OpenJDK 64-Bit Server VM (25.242-b01 mixed mode windows-amd64 compressed oops)
# Failed to write core dump. Minidumps are not enabled by default on client versions of Windows
#

---------------  T H R E A D  ---------------

Current thread (0x0000000019ca1800):  JavaThread "C2 CompilerThread0" daemon [_thread_in_native, id=8492, stack(0x000000001a570000,0x000000001a670000)]

Stack: [0x000000001a570000,0x000000001a670000]
[error occurred during error reporting (printing stack bounds), id 0xc0000005]

Native frames: (J=compiled Java code, j=interpreted, Vv=VM code, C=native code)


Current CompileTask:
C2:   6553 3637       4       java.net.URLClassLoader$1::run (5 bytes)


---------------  P R O C E S S  ---------------

Java Threads: ( => current thread )
  0x000000001cef5800 JavaThread "jar transforms Thread 92" [_thread_blocked, id=1148, stack(0x0000000029aa0000,0x0000000029ba0000)]
  0x000000001cef4000 JavaThread "jar transforms Thread 91" [_thread_blocked, id=8388, stack(0x00000000299a0000,0x0000000029aa0000)]
  0x000000001cef3000 JavaThread "jar transforms Thread 90" [_thread_blocked, id=13468, stack(0x00000000298a0000,0x00000000299a0000)]
  0x000000001cef6000 JavaThread "jar transforms Thread 89" [_thread_blocked, id=16236, stack(0x00000000297a0000,0x00000000298a0000)]
  0x000000001cef2800 JavaThread "jar transforms Thread 88" [_thread_blocked, id=10060, stack(0x00000000296a0000,0x00000000297a0000)]
  0x000000001cef1800 JavaThread "jar transforms Thread 87" [_thread_blocked, id=6192, stack(0x00000000295a0000,0x00000000296a0000)]
  0x000000001cef4800 JavaThread "jar transforms Thread 86" [_thread_blocked, id=12748, stack(0x00000000294a0000,0x00000000295a0000)]
  0x000000001cef1000 JavaThread "jar transforms Thread 85" [_thread_blocked, id=13004, stack(0x00000000293a0000,0x00000000294a0000)]
  0x000000001ceed000 JavaThread "jar transforms Thread 84" [_thread_blocked, id=9168, stack(0x00000000292a0000,0x00000000293a0000)]
  0x000000001cee9800 JavaThread "jar transforms Thread 83" [_thread_blocked, id=15436, stack(0x00000000291a0000,0x00000000292a0000)]
  0x000000001cef0000 JavaThread "jar transforms Thread 82" [_thread_blocked, id=13372, stack(0x00000000290a0000,0x00000000291a0000)]
  0x000000001ceeb800 JavaThread "jar transforms Thread 81" [_thread_blocked, id=16316, stack(0x0000000028fa0000,0x00000000290a0000)]
  0x000000001ceee000 JavaThread "jar transforms Thread 80" [_thread_blocked, id=1424, stack(0x0000000028ea0000,0x0000000028fa0000)]
  0x000000001ceec800 JavaThread "jar transforms Thread 79" [_thread_blocked, id=5052, stack(0x0000000028da0000,0x0000000028ea0000)]
  0x000000001cee8800 JavaThread "jar transforms Thread 78" [_thread_blocked, id=908, stack(0x0000000028ca0000,0x0000000028da0000)]
  0x000000001ceeb000 JavaThread "jar transforms Thread 77" [_thread_blocked, id=14684, stack(0x0000000028ba0000,0x0000000028ca0000)]
  0x000000001ceef800 JavaThread "jar transforms Thread 76" [_thread_blocked, id=1624, stack(0x0000000028aa0000,0x0000000028ba0000)]
  0x000000001ceee800 JavaThread "jar transforms Thread 75" [_thread_blocked, id=16008, stack(0x00000000289a0000,0x0000000028aa0000)]
  0x000000001ceea000 JavaThread "jar transforms Thread 74" [_thread_blocked, id=5608, stack(0x00000000288a0000,0x00000000289a0000)]
  0x000000001fdf3000 JavaThread "jar transforms Thread 73" [_thread_blocked, id=6508, stack(0x00000000287a0000,0x00000000288a0000)]
  0x000000001fdf6000 JavaThread "jar transforms Thread 72" [_thread_blocked, id=6108, stack(0x00000000286a0000,0x00000000287a0000)]
  0x000000001fdf4000 JavaThread "jar transforms Thread 71" [_thread_blocked, id=8688, stack(0x00000000285a0000,0x00000000286a0000)]
  0x000000001fdf1800 JavaThread "jar transforms Thread 70" [_thread_blocked, id=2364, stack(0x00000000284a0000,0x00000000285a0000)]
  0x000000001fdf5800 JavaThread "jar transforms Thread 69" [_thread_blocked, id=15276, stack(0x00000000283a0000,0x00000000284a0000)]
  0x000000001fdf2800 JavaThread "jar transforms Thread 68" [_thread_blocked, id=12792, stack(0x00000000282a0000,0x00000000283a0000)]
  0x000000001fdf4800 JavaThread "jar transforms Thread 67" [_thread_blocked, id=7796, stack(0x00000000281a0000,0x00000000282a0000)]
  0x000000001fdf0800 JavaThread "jar transforms Thread 66" [_thread_blocked, id=15964, stack(0x00000000280a0000,0x00000000281a0000)]
  0x000000001fde9000 JavaThread "jar transforms Thread 65" [_thread_blocked, id=4352, stack(0x0000000027fa0000,0x00000000280a0000)]
  0x000000001fdf0000 JavaThread "jar transforms Thread 64" [_thread_blocked, id=6608, stack(0x0000000027ea0000,0x0000000027fa0000)]
  0x000000001fde8800 JavaThread "jar transforms Thread 63" [_thread_blocked, id=11508, stack(0x0000000027da0000,0x0000000027ea0000)]
  0x000000001fdef000 JavaThread "jar transforms Thread 62" [_thread_blocked, id=14796, stack(0x0000000027ca0000,0x0000000027da0000)]
  0x000000001fde7800 JavaThread "jar transforms Thread 61" [_thread_blocked, id=16124, stack(0x0000000027ba0000,0x0000000027ca0000)]
  0x000000001fdee800 JavaThread "jar transforms Thread 60" [_thread_blocked, id=12996, stack(0x0000000027aa0000,0x0000000027ba0000)]
  0x000000001fdeb800 JavaThread "jar transforms Thread 59" [_thread_blocked, id=12152, stack(0x00000000279a0000,0x0000000027aa0000)]
  0x000000001fdea800 JavaThread "jar transforms Thread 58" [_thread_blocked, id=8896, stack(0x00000000278a0000,0x00000000279a0000)]
  0x000000001fde7000 JavaThread "jar transforms Thread 57" [_thread_blocked, id=13816, stack(0x00000000277a0000,0x00000000278a0000)]
  0x000000001fdea000 JavaThread "jar transforms Thread 56" [_thread_blocked, id=2496, stack(0x00000000276a0000,0x00000000277a0000)]
  0x000000001fded800 JavaThread "jar transforms Thread 55" [_thread_blocked, id=11776, stack(0x00000000275a0000,0x00000000276a0000)]
  0x000000001fded000 JavaThread "jar transforms Thread 54" [_thread_blocked, id=9760, stack(0x00000000274a0000,0x00000000275a0000)]
  0x000000001fdec000 JavaThread "jar transforms Thread 53" [_thread_blocked, id=5244, stack(0x00000000273a0000,0x00000000274a0000)]
  0x000000001b407800 JavaThread "jar transforms Thread 52" [_thread_blocked, id=7144, stack(0x00000000272a0000,0x00000000273a0000)]
  0x000000001b406800 JavaThread "jar transforms Thread 51" [_thread_blocked, id=14780, stack(0x00000000271a0000,0x00000000272a0000)]
  0x000000001b406000 JavaThread "jar transforms Thread 50" [_thread_blocked, id=10144, stack(0x00000000270a0000,0x00000000271a0000)]
  0x000000001b405000 JavaThread "jar transforms Thread 49" [_thread_blocked, id=8140, stack(0x0000000026fa0000,0x00000000270a0000)]
  0x000000001b404800 JavaThread "jar transforms Thread 48" [_thread_blocked, id=3600, stack(0x0000000026ea0000,0x0000000026fa0000)]
  0x000000001b3fd000 JavaThread "jar transforms Thread 47" [_thread_blocked, id=10180, stack(0x0000000026da0000,0x0000000026ea0000)]
  0x000000001b403800 JavaThread "jar transforms Thread 46" [_thread_blocked, id=8980, stack(0x0000000026ca0000,0x0000000026da0000)]
  0x000000001b403000 JavaThread "jar transforms Thread 45" [_thread_blocked, id=7496, stack(0x0000000026ba0000,0x0000000026ca0000)]
  0x000000001b402000 JavaThread "jar transforms Thread 44" [_thread_blocked, id=6272, stack(0x0000000026aa0000,0x0000000026ba0000)]
  0x000000001b401800 JavaThread "jar transforms Thread 43" [_thread_blocked, id=16220, stack(0x00000000269a0000,0x0000000026aa0000)]
  0x000000001b3fa000 JavaThread "jar transforms Thread 42" [_thread_blocked, id=7060, stack(0x00000000268a0000,0x00000000269a0000)]
  0x000000001b400800 JavaThread "jar transforms Thread 41" [_thread_blocked, id=5084, stack(0x00000000267a0000,0x00000000268a0000)]
  0x000000001b400000 JavaThread "jar transforms Thread 40" [_thread_blocked, id=5772, stack(0x00000000266a0000,0x00000000267a0000)]
  0x000000001b3f8000 JavaThread "jar transforms Thread 39" [_thread_blocked, id=1052, stack(0x00000000265a0000,0x00000000266a0000)]
  0x000000001b3fb800 JavaThread "jar transforms Thread 38" [_thread_blocked, id=7096, stack(0x00000000264a0000,0x00000000265a0000)]
  0x000000001b3fe800 JavaThread "jar transforms Thread 37" [_thread_blocked, id=10400, stack(0x00000000263a0000,0x00000000264a0000)]
  0x000000001b3ff000 JavaThread "jar transforms Thread 36" [_thread_blocked, id=4292, stack(0x00000000262a0000,0x00000000263a0000)]
  0x000000001b3fc000 JavaThread "jar transforms Thread 35" [_thread_blocked, id=15888, stack(0x00000000261a0000,0x00000000262a0000)]
  0x000000001b3f9000 JavaThread "jar transforms Thread 34" [_thread_blocked, id=10640, stack(0x00000000260a0000,0x00000000261a0000)]
  0x000000001b3fa800 JavaThread "jar transforms Thread 33" [_thread_blocked, id=5452, stack(0x0000000025fa0000,0x00000000260a0000)]
  0x000000001b3fd800 JavaThread "jar transforms Thread 32" [_thread_blocked, id=16208, stack(0x0000000025ea0000,0x0000000025fa0000)]
  0x000000001c968800 JavaThread "jar transforms Thread 31" [_thread_blocked, id=1404, stack(0x0000000025da0000,0x0000000025ea0000)]
  0x000000001c96c000 JavaThread "jar transforms Thread 30" [_thread_blocked, id=12840, stack(0x0000000025ca0000,0x0000000025da0000)]
  0x000000001c969000 JavaThread "jar transforms Thread 29" [_thread_blocked, id=6556, stack(0x0000000025ba0000,0x0000000025ca0000)]
  0x000000001c967800 JavaThread "jar transforms Thread 28" [_thread_blocked, id=5308, stack(0x0000000025aa0000,0x0000000025ba0000)]
  0x000000001c967000 JavaThread "jar transforms Thread 27" [_thread_blocked, id=7812, stack(0x00000000259a0000,0x0000000025aa0000)]
  0x000000001c964800 JavaThread "jar transforms Thread 26" [_thread_blocked, id=10808, stack(0x00000000258a0000,0x00000000259a0000)]
  0x000000001c96a800 JavaThread "jar transforms Thread 25" [_thread_blocked, id=12544, stack(0x00000000257a0000,0x00000000258a0000)]
  0x000000001c96b800 JavaThread "jar transforms Thread 24" [_thread_blocked, id=5624, stack(0x00000000256a0000,0x00000000257a0000)]
  0x000000001c966000 JavaThread "jar transforms Thread 23" [_thread_blocked, id=10740, stack(0x00000000255a0000,0x00000000256a0000)]
  0x000000001c96a000 JavaThread "jar transforms Thread 22" [_thread_blocked, id=11032, stack(0x00000000254a0000,0x00000000255a0000)]
  0x000000001c965800 JavaThread "jar transforms Thread 21" [_thread_blocked, id=11260, stack(0x00000000253a0000,0x00000000254a0000)]
  0x000000001c95d000 JavaThread "jar transforms Thread 20" [_thread_blocked, id=11080, stack(0x00000000252a0000,0x00000000253a0000)]
  0x000000001c960000 JavaThread "jar transforms Thread 19" [_thread_blocked, id=1704, stack(0x00000000251a0000,0x00000000252a0000)]
  0x000000001c960800 JavaThread "jar transforms Thread 18" [_thread_blocked, id=13784, stack(0x00000000250a0000,0x00000000251a0000)]
  0x000000001c964000 JavaThread "jar transforms Thread 17" [_thread_blocked, id=16016, stack(0x0000000024fa0000,0x00000000250a0000)]
  0x000000001c963000 JavaThread "jar transforms Thread 16" [_thread_blocked, id=10608, stack(0x0000000024ea0000,0x0000000024fa0000)]
  0x000000001c962000 JavaThread "jar transforms Thread 15" [_thread_blocked, id=12648, stack(0x0000000024da0000,0x0000000024ea0000)]
  0x000000001c95f000 JavaThread "jar transforms Thread 14" [_thread_blocked, id=11692, stack(0x0000000024ca0000,0x0000000024da0000)]
  0x000000001c95e800 JavaThread "jar transforms Thread 13" [_thread_blocked, id=14436, stack(0x0000000024ba0000,0x0000000024ca0000)]
  0x000000001c961800 JavaThread "jar transforms Thread 12" [_thread_blocked, id=7524, stack(0x0000000024aa0000,0x0000000024ba0000)]
  0x000000001c95d800 JavaThread "jar transforms Thread 11" [_thread_blocked, id=3452, stack(0x00000000249a0000,0x0000000024aa0000)]
  0x0000000021ada000 JavaThread "jar transforms Thread 10" [_thread_blocked, id=11460, stack(0x00000000248a0000,0x00000000249a0000)]
  0x0000000021adb800 JavaThread "jar transforms Thread 9" [_thread_blocked, id=3212, stack(0x00000000247a0000,0x00000000248a0000)]
  0x0000000021ad9000 JavaThread "jar transforms Thread 8" [_thread_blocked, id=7564, stack(0x00000000246a0000,0x00000000247a0000)]
  0x0000000021ad8800 JavaThread "jar transforms Thread 7" [_thread_blocked, id=16212, stack(0x00000000245a0000,0x00000000246a0000)]
  0x0000000021ad7800 JavaThread "jar transforms Thread 6" [_thread_blocked, id=6472, stack(0x00000000244a0000,0x00000000245a0000)]
  0x0000000021ad7000 JavaThread "jar transforms Thread 5" [_thread_blocked, id=7700, stack(0x00000000243a0000,0x00000000244a0000)]
  0x0000000021ada800 JavaThread "jar transforms Thread 4" [_thread_blocked, id=13148, stack(0x00000000238e0000,0x00000000239e0000)]
  0x0000000021adc000 JavaThread "jar transforms Thread 3" [_thread_blocked, id=11852, stack(0x00000000237e0000,0x00000000238e0000)]
  0x0000000021ad4800 JavaThread "jar transforms Thread 2" [_thread_blocked, id=6984, stack(0x00000000236e0000,0x00000000237e0000)]
  0x0000000021ad6000 JavaThread "Build operations Thread 8" [_thread_blocked, id=5796, stack(0x00000000241a0000,0x00000000242a0000)]
  0x0000000021ace800 JavaThread "Build operations Thread 7" [_thread_blocked, id=14196, stack(0x00000000240a0000,0x00000000241a0000)]
  0x0000000021ad5800 JavaThread "Build operations Thread 6" [_thread_blocked, id=8628, stack(0x0000000023fa0000,0x00000000240a0000)]
  0x0000000021ad2800 JavaThread "Build operations Thread 5" [_thread_blocked, id=3156, stack(0x0000000023ea0000,0x0000000023fa0000)]
  0x0000000021acd000 JavaThread "Build operations Thread 4" [_thread_blocked, id=15936, stack(0x0000000023da0000,0x0000000023ea0000)]
  0x0000000021acf800 JavaThread "Build operations Thread 3" [_thread_blocked, id=2736, stack(0x0000000023ca0000,0x0000000023da0000)]
  0x0000000021ad1800 JavaThread "Build operations Thread 2" [_thread_blocked, id=2732, stack(0x0000000023ba0000,0x0000000023ca0000)]
  0x0000000021ad4000 JavaThread "Build operations" [_thread_blocked, id=12604, stack(0x0000000023aa0000,0x0000000023ba0000)]
  0x000000001c6df000 JavaThread "Cache worker for file content cache (C:\Users\ACER\.gradle\caches\6.5\fileContent)" [_thread_blocked, id=2772, stack(0x0000000022fe0000,0x00000000230e0000)]
  0x000000001c6e0800 JavaThread "jar transforms" [_thread_blocked, id=2160, stack(0x0000000022ee0000,0x0000000022fe0000)]
  0x000000001c6de800 JavaThread "Cache worker for execution history cache (C:\Users\ACER\.gradle\caches\6.5\executionHistory)" [_thread_blocked, id=4712, stack(0x00000000227e0000,0x00000000228e0000)]
  0x000000001c6dd800 JavaThread "Cache worker for cache directory md-rule (C:\Users\ACER\.gradle\caches\6.5\md-rule)" [_thread_blocked, id=15000, stack(0x00000000226e0000,0x00000000227e0000)]
  0x000000001c6e3000 JavaThread "Cache worker for cache directory md-supplier (C:\Users\ACER\.gradle\caches\6.5\md-supplier)" [_thread_blocked, id=1444, stack(0x0000000021530000,0x0000000021630000)]
  0x000000001c6e1800 JavaThread "Cache worker for checksums cache (C:\Users\ACER\AndroidStudioProjects\Quiz10118053\.gradle\checksums)" [_thread_blocked, id=7232, stack(0x0000000021170000,0x0000000021270000)]
  0x000000001c6e3800 JavaThread "Cache worker for file hash cache (C:\Users\ACER\AndroidStudioProjects\Quiz10118053\.gradle\6.5\fileHashes)" [_thread_blocked, id=7676, stack(0x000000001fe60000,0x000000001ff60000)]
  0x000000001c6e2000 JavaThread "Cache worker for file hash cache (C:\Users\ACER\.gradle\caches\6.5\fileHashes)" [_thread_blocked, id=5292, stack(0x000000001eb90000,0x000000001ec90000)]
  0x000000001c6e4800 JavaThread "File lock request listener" [_thread_in_native, id=12096, stack(0x000000001ea90000,0x000000001eb90000)]
  0x000000001bbdc800 JavaThread "Cache worker for journal cache (C:\Users\ACER\.gradle\caches\journal-1)" [_thread_blocked, id=13076, stack(0x000000001e990000,0x000000001ea90000)]
  0x000000001bd57800 JavaThread "Thread-9" [_thread_blocked, id=5496, stack(0x000000001e690000,0x000000001e790000)]
  0x000000001ae4a800 JavaThread "Stdin handler" [_thread_blocked, id=13116, stack(0x000000001e590000,0x000000001e690000)]
  0x000000001ae4f000 JavaThread "Asynchronous log dispatcher for DefaultDaemonConnection: socket connection from /127.0.0.1:49940 to /127.0.0.1:49941" [_thread_blocked, id=15016, stack(0x000000001e490000,0x000000001e590000)]
  0x000000001c626800 JavaThread "Daemon worker" [_thread_in_vm, id=6300, stack(0x000000001e390000,0x000000001e490000)]
  0x000000001c624800 JavaThread "Cancel handler" [_thread_blocked, id=6528, stack(0x000000001e290000,0x000000001e390000)]
  0x000000001c5a6000 JavaThread "Handler for socket connection from /127.0.0.1:49940 to /127.0.0.1:49941" [_thread_in_native, id=2660, stack(0x000000001df90000,0x000000001e090000)]
  0x000000001c597800 JavaThread "Daemon" [_thread_blocked, id=3024, stack(0x000000001de90000,0x000000001df90000)]
  0x000000001c577800 JavaThread "Daemon periodic checks" [_thread_blocked, id=7380, stack(0x000000001dd90000,0x000000001de90000)]
  0x000000001c530000 JavaThread "Incoming local TCP Connector on port 49940" [_thread_in_native, id=15452, stack(0x000000001db50000,0x000000001dc50000)]
  0x000000001abcd000 JavaThread "Daemon health stats" [_thread_blocked, id=6064, stack(0x000000001d510000,0x000000001d610000)]
  0x0000000019d41000 JavaThread "Service Thread" daemon [_thread_blocked, id=7508, stack(0x000000001a970000,0x000000001aa70000)]
  0x0000000019cbb800 JavaThread "C1 CompilerThread3" daemon [_thread_blocked, id=6908, stack(0x000000001a870000,0x000000001a970000)]
  0x0000000019cac000 JavaThread "C2 CompilerThread2" daemon [_thread_blocked, id=7512, stack(0x000000001a770000,0x000000001a870000)]
  0x0000000019ca3800 JavaThread "C2 CompilerThread1" daemon [_thread_blocked, id=7556, stack(0x000000001a670000,0x000000001a770000)]
=>0x0000000019ca1800 JavaThread "C2 CompilerThread0" daemon [_thread_in_native, id=8492, stack(0x000000001a570000,0x000000001a670000)]
  0x0000000019c9f800 JavaThread "Attach Listener" daemon [_thread_blocked, id=4972, stack(0x000000001a470000,0x000000001a570000)]
  0x0000000017e8e800 JavaThread "Signal Dispatcher" daemon [_thread_blocked, id=16044, stack(0x000000001a370000,0x000000001a470000)]
  0x0000000002e09000 JavaThread "Finalizer" daemon [_thread_blocked, id=7756, stack(0x000000001a170000,0x000000001a270000)]
  0x0000000019c90800 JavaThread "Reference Handler" daemon [_thread_blocked, id=3132, stack(0x000000001a070000,0x000000001a170000)]
  0x0000000002bcd800 JavaThread "main" [_thread_blocked, id=14676, stack(0x0000000002c10000,0x0000000002d10000)]

Other Threads:
  0x0000000017e78800 VMThread [stack: 0x0000000019b70000,0x0000000019c70000] [id=6868]
  0x0000000019d41800 WatcherThread [stack: 0x000000001aa70000,0x000000001ab70000] [id=8320]

VM state:not at safepoint (normal execution)

VM Mutex/Monitor currently owned by a thread: None

heap address: 0x0000000080000000, size: 2048 MB, Compressed Oops mode: 32-bit
Narrow klass base: 0x0000000000000000, Narrow klass shift: 3
Compressed class space size: 1073741824 Address: 0x0000000100000000

Heap:
 PSYoungGen      total 109056K, used 14500K [0x00000000d5580000, 0x00000000dcb80000, 0x0000000100000000)
  eden space 97280K, 8% used [0x00000000d5580000,0x00000000d5d1caa0,0x00000000db480000)
  from space 11776K, 56% used [0x00000000db480000,0x00000000dbb0c8f8,0x00000000dc000000)
  to   space 11264K, 0% used [0x00000000dc080000,0x00000000dc080000,0x00000000dcb80000)
 ParOldGen       total 73728K, used 14533K [0x0000000080000000, 0x0000000084800000, 0x00000000d5580000)
  object space 73728K, 19% used [0x0000000080000000,0x0000000080e31540,0x0000000084800000)
 Metaspace       used 37790K, capacity 39498K, committed 39720K, reserved 1083392K
  class space    used 5229K, capacity 5591K, committed 5680K, reserved 1048576K

Card table byte_map: [0x00000000121d0000,0x00000000125e0000] byte_map_base: 0x0000000011dd0000

Marking Bits: (ParMarkBitMap*) 0x000000005edff030
 Begin Bits: [0x0000000013090000, 0x0000000015090000)
 End Bits:   [0x0000000015090000, 0x0000000017090000)

Polling page: 0x0000000002b30000

CodeCache: size=245760Kb used=12134Kb max_used=12139Kb free=233625Kb
 bounds [0x0000000002e10000, 0x0000000003a00000, 0x0000000011e10000]
 total_blobs=4233 nmethods=3528 adapters=617
 compilation: enabled

Compilation events (10 events):
Event: 6.544 Thread 0x0000000019cbb800 3742       1       com.android.build.gradle.options.Stage::getStatus (5 bytes)
Event: 6.544 Thread 0x0000000019cbb800 nmethod 3742 0x00000000039e2fd0 code [0x00000000039e3120, 0x00000000039e3230]
Event: 6.546 Thread 0x0000000019cbb800 3743       3       com.google.common.collect.MapMakerInternalMap$StrongKeyWeakValueSegment::maybeDrainReferenceQueues (9 bytes)
Event: 6.546 Thread 0x0000000019cbb800 nmethod 3743 0x00000000039e2bd0 code [0x00000000039e2d40, 0x00000000039e2f48]
Event: 6.546 Thread 0x0000000019cbb800 3744       3       com.google.common.collect.MapMakerInternalMap$Segment::drainValueReferenceQueue (42 bytes)
Event: 6.546 Thread 0x0000000019cbb800 nmethod 3744 0x00000000039eefd0 code [0x00000000039ef1c0, 0x00000000039efca8]
Event: 6.546 Thread 0x0000000019ca3800 3745       4       java.io.WinNTFileSystem::prefixLength (91 bytes)
Event: 6.547 Thread 0x0000000019cbb800 3746   !   3       org.gradle.internal.classloader.FilteringClassLoader::loadClass (62 bytes)
Event: 6.548 Thread 0x0000000019ca3800 nmethod 3745 0x00000000039ebd10 code [0x00000000039ebe60, 0x00000000039ec018]
Event: 6.548 Thread 0x0000000019cbb800 nmethod 3746 0x00000000039edd10 code [0x00000000039edf40, 0x00000000039eeb18]

GC Heap History (10 events):
Event: 4.909 GC heap before
{Heap before GC invocations=9 (full 1):
 PSYoungGen      total 75776K, used 65024K [0x00000000d5580000, 0x00000000daa80000, 0x0000000100000000)
  eden space 65024K, 100% used [0x00000000d5580000,0x00000000d9500000,0x00000000d9500000)
  from space 10752K, 0% used [0x00000000d9500000,0x00000000d9500000,0x00000000d9f80000)
  to   space 10240K, 0% used [0x00000000d9f80000,0x00000000d9f80000,0x00000000da980000)
 ParOldGen       total 47104K, used 6732K [0x0000000080000000, 0x0000000082e00000, 0x00000000d5580000)
  object space 47104K, 14% used [0x0000000080000000,0x00000000806932a8,0x0000000082e00000)
 Metaspace       used 28654K, capacity 29524K, committed 29616K, reserved 1075200K
  class space    used 3974K, capacity 4220K, committed 4272K, reserved 1048576K
Event: 4.913 GC heap after
Heap after GC invocations=9 (full 1):
 PSYoungGen      total 74752K, used 8330K [0x00000000d5580000, 0x00000000de200000, 0x0000000100000000)
  eden space 64512K, 0% used [0x00000000d5580000,0x00000000d5580000,0x00000000d9480000)
  from space 10240K, 81% used [0x00000000d9f80000,0x00000000da7a2950,0x00000000da980000)
  to   space 11264K, 0% used [0x00000000d9480000,0x00000000d9480000,0x00000000d9f80000)
 ParOldGen       total 47104K, used 6740K [0x0000000080000000, 0x0000000082e00000, 0x00000000d5580000)
  object space 47104K, 14% used [0x0000000080000000,0x00000000806952a8,0x0000000082e00000)
 Metaspace       used 28654K, capacity 29524K, committed 29616K, reserved 1075200K
  class space    used 3974K, capacity 4220K, committed 4272K, reserved 1048576K
}
Event: 5.373 GC heap before
{Heap before GC invocations=10 (full 1):
 PSYoungGen      total 74752K, used 72842K [0x00000000d5580000, 0x00000000de200000, 0x0000000100000000)
  eden space 64512K, 100% used [0x00000000d5580000,0x00000000d9480000,0x00000000d9480000)
  from space 10240K, 81% used [0x00000000d9f80000,0x00000000da7a2950,0x00000000da980000)
  to   space 11264K, 0% used [0x00000000d9480000,0x00000000d9480000,0x00000000d9f80000)
 ParOldGen       total 47104K, used 6740K [0x0000000080000000, 0x0000000082e00000, 0x00000000d5580000)
  object space 47104K, 14% used [0x0000000080000000,0x00000000806952a8,0x0000000082e00000)
 Metaspace       used 32796K, capacity 33786K, committed 33968K, reserved 1079296K
  class space    used 4485K, capacity 4751K, committed 4784K, reserved 1048576K
Event: 5.382 GC heap after
Heap after GC invocations=10 (full 1):
 PSYoungGen      total 75776K, used 9156K [0x00000000d5580000, 0x00000000dcc00000, 0x0000000100000000)
  eden space 64512K, 0% used [0x00000000d5580000,0x00000000d5580000,0x00000000d9480000)
  from space 11264K, 81% used [0x00000000d9480000,0x00000000d9d71220,0x00000000d9f80000)
  to   space 11776K, 0% used [0x00000000dc080000,0x00000000dc080000,0x00000000dcc00000)
 ParOldGen       total 47104K, used 6748K [0x0000000080000000, 0x0000000082e00000, 0x00000000d5580000)
  object space 47104K, 14% used [0x0000000080000000,0x00000000806972a8,0x0000000082e00000)
 Metaspace       used 32796K, capacity 33786K, committed 33968K, reserved 1079296K
  class space    used 4485K, capacity 4751K, committed 4784K, reserved 1048576K
}
Event: 5.590 GC heap before
{Heap before GC invocations=11 (full 1):
 PSYoungGen      total 75776K, used 38493K [0x00000000d5580000, 0x00000000dcc00000, 0x0000000100000000)
  eden space 64512K, 45% used [0x00000000d5580000,0x00000000d7226448,0x00000000d9480000)
  from space 11264K, 81% used [0x00000000d9480000,0x00000000d9d71220,0x00000000d9f80000)
  to   space 11776K, 0% used [0x00000000dc080000,0x00000000dc080000,0x00000000dcc00000)
 ParOldGen       total 47104K, used 6748K [0x0000000080000000, 0x0000000082e00000, 0x00000000d5580000)
  object space 47104K, 14% used [0x0000000080000000,0x00000000806972a8,0x0000000082e00000)
 Metaspace       used 34333K, capacity 35404K, committed 35496K, reserved 1079296K
  class space    used 4731K, capacity 5003K, committed 5040K, reserved 1048576K
Event: 5.597 GC heap after
Heap after GC invocations=11 (full 1):
 PSYoungGen      total 108544K, used 5039K [0x00000000d5580000, 0x00000000dcb80000, 0x0000000100000000)
  eden space 97280K, 0% used [0x00000000d5580000,0x00000000d5580000,0x00000000db480000)
  from space 11264K, 44% used [0x00000000dc080000,0x00000000dc56bf00,0x00000000dcb80000)
  to   space 11776K, 0% used [0x00000000db480000,0x00000000db480000,0x00000000dc000000)
 ParOldGen       total 47104K, used 9969K [0x0000000080000000, 0x0000000082e00000, 0x00000000d5580000)
  object space 47104K, 21% used [0x0000000080000000,0x00000000809bc590,0x0000000082e00000)
 Metaspace       used 34333K, capacity 35404K, committed 35496K, reserved 1079296K
  class space    used 4731K, capacity 5003K, committed 5040K, reserved 1048576K
}
Event: 5.597 GC heap before
{Heap before GC invocations=12 (full 2):
 PSYoungGen      total 108544K, used 5039K [0x00000000d5580000, 0x00000000dcb80000, 0x0000000100000000)
  eden space 97280K, 0% used [0x00000000d5580000,0x00000000d5580000,0x00000000db480000)
  from space 11264K, 44% used [0x00000000dc080000,0x00000000dc56bf00,0x00000000dcb80000)
  to   space 11776K, 0% used [0x00000000db480000,0x00000000db480000,0x00000000dc000000)
 ParOldGen       total 47104K, used 9969K [0x0000000080000000, 0x0000000082e00000, 0x00000000d5580000)
  object space 47104K, 21% used [0x0000000080000000,0x00000000809bc590,0x0000000082e00000)
 Metaspace       used 34333K, capacity 35404K, committed 35496K, reserved 1079296K
  class space    used 4731K, capacity 5003K, committed 5040K, reserved 1048576K
Event: 5.687 GC heap after
Heap after GC invocations=12 (full 2):
 PSYoungGen      total 108544K, used 0K [0x00000000d5580000, 0x00000000dcb80000, 0x0000000100000000)
  eden space 97280K, 0% used [0x00000000d5580000,0x00000000d5580000,0x00000000db480000)
  from space 11264K, 0% used [0x00000000dc080000,0x00000000dc080000,0x00000000dcb80000)
  to   space 11776K, 0% used [0x00000000db480000,0x00000000db480000,0x00000000dc000000)
 ParOldGen       total 73728K, used 14525K [0x0000000080000000, 0x0000000084800000, 0x00000000d5580000)
  object space 73728K, 19% used [0x0000000080000000,0x0000000080e2f540,0x0000000084800000)
 Metaspace       used 34333K, capacity 35404K, committed 35496K, reserved 1079296K
  class space    used 4731K, capacity 5003K, committed 5040K, reserved 1048576K
}
Event: 6.477 GC heap before
{Heap before GC invocations=13 (full 2):
 PSYoungGen      total 108544K, used 97280K [0x00000000d5580000, 0x00000000dcb80000, 0x0000000100000000)
  eden space 97280K, 100% used [0x00000000d5580000,0x00000000db480000,0x00000000db480000)
  from space 11264K, 0% used [0x00000000dc080000,0x00000000dc080000,0x00000000dcb80000)
  to   space 11776K, 0% used [0x00000000db480000,0x00000000db480000,0x00000000dc000000)
 ParOldGen       total 73728K, used 14525K [0x0000000080000000, 0x0000000084800000, 0x00000000d5580000)
  object space 73728K, 19% used [0x0000000080000000,0x0000000080e2f540,0x0000000084800000)
 Metaspace       used 37069K, capacity 38778K, committed 39080K, reserved 1083392K
  class space    used 5117K, capacity 5456K, committed 5552K, reserved 1048576K
Event: 6.484 GC heap after
Heap after GC invocations=13 (full 2):
 PSYoungGen      total 109056K, used 6706K [0x00000000d5580000, 0x00000000dcb80000, 0x0000000100000000)
  eden space 97280K, 0% used [0x00000000d5580000,0x00000000d5580000,0x00000000db480000)
  from space 11776K, 56% used [0x00000000db480000,0x00000000dbb0c8f8,0x00000000dc000000)
  to   space 11264K, 0% used [0x00000000dc080000,0x00000000dc080000,0x00000000dcb80000)
 ParOldGen       total 73728K, used 14533K [0x0000000080000000, 0x0000000084800000, 0x00000000d5580000)
  object space 73728K, 19% used [0x0000000080000000,0x0000000080e31540,0x0000000084800000)
 Metaspace       used 37069K, capacity 38778K, committed 39080K, reserved 1083392K
  class space    used 5117K, capacity 5456K, committed 5552K, reserved 1048576K
}

Deoptimization events (10 events):
Event: 6.219 Thread 0x0000000021ada800 Uncommon trap: reason=unstable_if action=reinterpret pc=0x0000000003985b1c method=java.util.concurrent.SynchronousQueue$TransferStack.shouldSpin(Ljava/util/concurrent/SynchronousQueue$TransferStack$SNode;)Z @ 7
Event: 6.265 Thread 0x000000001c626800 Uncommon trap: reason=unstable_if action=reinterpret pc=0x000000000318976c method=java.util.jar.JarFile.match([C[B[I[I)Z @ 29
Event: 6.363 Thread 0x000000001c626800 Uncommon trap: reason=bimorphic action=maybe_recompile pc=0x00000000037083ac method=java.util.AbstractCollection.addAll(Ljava/util/Collection;)Z @ 29
Event: 6.413 Thread 0x000000001c626800 Uncommon trap: reason=unstable_if action=reinterpret pc=0x00000000031750d0 method=java.util.regex.Pattern.has(I)Z @ 6
Event: 6.413 Thread 0x000000001c626800 Uncommon trap: reason=bimorphic action=maybe_recompile pc=0x00000000037083ac method=java.util.AbstractCollection.addAll(Ljava/util/Collection;)Z @ 29
Event: 6.442 Thread 0x000000001c626800 Uncommon trap: reason=predicate action=maybe_recompile pc=0x000000000337c588 method=com.google.common.base.CharMatcher.indexIn(Ljava/lang/CharSequence;I)I @ 22
Event: 6.457 Thread 0x000000001c626800 Uncommon trap: reason=bimorphic action=maybe_recompile pc=0x000000000383f7f4 method=java.lang.ClassLoader.getPackage(Ljava/lang/String;)Ljava/lang/Package; @ 47
Event: 6.457 Thread 0x000000001c626800 Uncommon trap: reason=bimorphic action=maybe_recompile pc=0x000000000383f7f4 method=java.lang.ClassLoader.getPackage(Ljava/lang/String;)Ljava/lang/Package; @ 47
Event: 6.457 Thread 0x000000001c626800 Uncommon trap: reason=bimorphic action=maybe_recompile pc=0x000000000383f7f4 method=java.lang.ClassLoader.getPackage(Ljava/lang/String;)Ljava/lang/Package; @ 47
Event: 6.457 Thread 0x000000001c626800 Uncommon trap: reason=bimorphic action=maybe_recompile pc=0x000000000383f7f4 method=java.lang.ClassLoader.getPackage(Ljava/lang/String;)Ljava/lang/Package; @ 47

Classes redefined (0 events):
No events

Internal exceptions (10 events):
Event: 6.415 Thread 0x000000001bd57800 Exception <a 'java/lang/NoSuchMethodError': <clinit>> (0x00000000d78da1a0) thrown at [C:\src\AOSP-openjdk-git\hotspot\src\share\vm\prims\jni.cpp, line 1615]
Event: 6.417 Thread 0x000000001bd57800 Exception <a 'java/lang/NoSuchMethodError': <clinit>> (0x00000000d78e4410) thrown at [C:\src\AOSP-openjdk-git\hotspot\src\share\vm\prims\jni.cpp, line 1615]
Event: 6.418 Thread 0x000000001bd57800 Exception <a 'java/lang/NoSuchMethodError': <clinit>> (0x00000000dafda868) thrown at [C:\src\AOSP-openjdk-git\hotspot\src\share\vm\prims\jni.cpp, line 1615]
Event: 6.420 Thread 0x000000001bd57800 Exception <a 'java/lang/NoSuchMethodError': <clinit>> (0x00000000dafedc38) thrown at [C:\src\AOSP-openjdk-git\hotspot\src\share\vm\prims\jni.cpp, line 1615]
Event: 6.432 Thread 0x000000001c626800 Exception <a 'java/lang/ClassNotFoundException': build_6o7v0bn1felwgcunp57genp65BeanInfo> (0x00000000dafc3de8) thrown at [C:\src\AOSP-openjdk-git\hotspot\src\share\vm\classfile\systemDictionary.cpp, line 210]
Event: 6.433 Thread 0x000000001c626800 Exception <a 'java/lang/ClassNotFoundException': build_6o7v0bn1felwgcunp57genp65Customizer> (0x00000000dafcfa28) thrown at [C:\src\AOSP-openjdk-git\hotspot\src\share\vm\classfile\systemDictionary.cpp, line 210]
Event: 6.440 Thread 0x000000001c626800 Exception <a 'java/lang/ClassNotFoundException': org/gradle/plugin/use/internal/PluginRequestCollector$PluginDependenciesSpecImplBeanInfo> (0x00000000db0ac500) thrown at [C:\src\AOSP-openjdk-git\hotspot\src\share\vm\classfile\systemDictionary.cpp, line 21
Event: 6.441 Thread 0x000000001c626800 Exception <a 'java/lang/ClassNotFoundException': org/gradle/plugin/use/internal/PluginRequestCollector$PluginDependenciesSpecImplCustomizer> (0x00000000db0ec440) thrown at [C:\src\AOSP-openjdk-git\hotspot\src\share\vm\classfile\systemDictionary.cpp, line 
Event: 6.473 Thread 0x000000001c626800 Exception <a 'java/lang/ClassNotFoundException': org/gradle/api/internal/plugins/DefaultObjectConfigurationActionBeanInfo> (0x00000000db3dc110) thrown at [C:\src\AOSP-openjdk-git\hotspot\src\share\vm\classfile\systemDictionary.cpp, line 210]
Event: 6.474 Thread 0x000000001c626800 Exception <a 'java/lang/ClassNotFoundException': org/gradle/api/internal/plugins/DefaultObjectConfigurationActionCustomizer> (0x00000000db420470) thrown at [C:\src\AOSP-openjdk-git\hotspot\src\share\vm\classfile\systemDictionary.cpp, line 210]

Events (10 events):
Event: 6.547 loading class com/android/build/gradle/internal/plugins/BasePlugin
Event: 6.547 loading class com/android/build/gradle/internal/plugins/BasePlugin done
Event: 6.549 loading class com/android/tools/lint/model/LintModelModuleLoaderProvider
Event: 6.549 loading class com/android/tools/lint/model/LintModelModuleLoaderProvider done
Event: 6.550 loading class com/android/tools/lint/model/LintModelModuleLoader
Event: 6.550 loading class com/android/tools/lint/model/LintModelModuleLoader done
Event: 6.550 loading class com/android/utils/ILogger
Event: 6.550 loading class com/android/utils/ILogger done
Event: 6.552 loading class com/android/builder/errors/IssueReporter
Event: 6.552 loading class com/android/builder/errors/IssueReporter done


Dynamic libraries:
0x00007ff7b5960000 - 0x00007ff7b5991000 	C:\Program Files\Android\Android Studio\jre\bin\java.exe
0x00007ff930c50000 - 0x00007ff930e45000 	C:\WINDOWS\SYSTEM32\ntdll.dll
0x00007ff92f410000 - 0x00007ff92f4cd000 	C:\WINDOWS\System32\KERNEL32.DLL
0x00007ff92e500000 - 0x00007ff92e7c9000 	C:\WINDOWS\System32\KERNELBASE.dll
0x00007ff9301a0000 - 0x00007ff93024c000 	C:\WINDOWS\System32\ADVAPI32.dll
0x00007ff92fc40000 - 0x00007ff92fcde000 	C:\WINDOWS\System32\msvcrt.dll
0x00007ff92f590000 - 0x00007ff92f62c000 	C:\WINDOWS\System32\sechost.dll
0x00007ff92fd90000 - 0x00007ff92febb000 	C:\WINDOWS\System32\RPCRT4.dll
0x00007ff92faa0000 - 0x00007ff92fc40000 	C:\WINDOWS\System32\USER32.dll
0x00007ff92e880000 - 0x00007ff92e8a2000 	C:\WINDOWS\System32\win32u.dll
0x00007ff92f560000 - 0x00007ff92f58a000 	C:\WINDOWS\System32\GDI32.dll
0x00007ff92e9b0000 - 0x00007ff92eabb000 	C:\WINDOWS\System32\gdi32full.dll
0x00007ff92e390000 - 0x00007ff92e42d000 	C:\WINDOWS\System32\msvcp_win.dll
0x00007ff92e8b0000 - 0x00007ff92e9b0000 	C:\WINDOWS\System32\ucrtbase.dll
0x00007ff918100000 - 0x00007ff91839a000 	C:\WINDOWS\WinSxS\amd64_microsoft.windows.common-controls_6595b64144ccf1df_6.0.19041.844_none_ca00b6081b84eb1d\COMCTL32.dll
0x00007ff92f630000 - 0x00007ff92f660000 	C:\WINDOWS\System32\IMM32.DLL
0x000000005e440000 - 0x000000005e512000 	C:\Program Files\Android\Android Studio\jre\jre\bin\msvcr100.dll
0x000000005e630000 - 0x000000005ee7b000 	C:\Program Files\Android\Android Studio\jre\jre\bin\server\jvm.dll
0x00007ff92f400000 - 0x00007ff92f408000 	C:\WINDOWS\System32\PSAPI.DLL
0x00007ff92bbe0000 - 0x00007ff92bbe9000 	C:\WINDOWS\SYSTEM32\WSOCK32.dll
0x00007ff919f10000 - 0x00007ff919f1a000 	C:\WINDOWS\SYSTEM32\VERSION.dll
0x00007ff920820000 - 0x00007ff920847000 	C:\WINDOWS\SYSTEM32\WINMM.dll
0x00007ff92ff80000 - 0x00007ff92ffeb000 	C:\WINDOWS\System32\WS2_32.dll
0x00007ff9291e0000 - 0x00007ff9291ef000 	C:\Program Files\Android\Android Studio\jre\jre\bin\verify.dll
0x00007ff928db0000 - 0x00007ff928dd9000 	C:\Program Files\Android\Android Studio\jre\jre\bin\java.dll
0x00007ff928d90000 - 0x00007ff928da6000 	C:\Program Files\Android\Android Studio\jre\jre\bin\zip.dll
0x00007ff92ecb0000 - 0x00007ff92f3f2000 	C:\WINDOWS\System32\SHELL32.dll
0x00007ff92c4d0000 - 0x00007ff92cc60000 	C:\WINDOWS\SYSTEM32\windows.storage.dll
0x00007ff92f660000 - 0x00007ff92f9b5000 	C:\WINDOWS\System32\combase.dll
0x00007ff92de00000 - 0x00007ff92de2c000 	C:\WINDOWS\SYSTEM32\Wldp.dll
0x00007ff92fce0000 - 0x00007ff92fd8e000 	C:\WINDOWS\System32\SHCORE.dll
0x00007ff930250000 - 0x00007ff9302a5000 	C:\WINDOWS\System32\shlwapi.dll
0x00007ff92e2d0000 - 0x00007ff92e2ef000 	C:\WINDOWS\SYSTEM32\profapi.dll
0x00007ff928d70000 - 0x00007ff928d8a000 	C:\Program Files\Android\Android Studio\jre\jre\bin\net.dll
0x00007ff92db80000 - 0x00007ff92dbea000 	C:\WINDOWS\system32\mswsock.dll
0x00007ff928d50000 - 0x00007ff928d63000 	C:\Program Files\Android\Android Studio\jre\jre\bin\nio.dll
0x00007ff927760000 - 0x00007ff927787000 	C:\Users\ACER\.gradle\native\f6784746aeab05261644944871eae4fe03e0ef1612fff0a4a95f87b438bc6780\windows-amd64\native-platform.dll
0x00007ff9291d0000 - 0x00007ff9291dd000 	C:\Program Files\Android\Android Studio\jre\jre\bin\management.dll
0x00007ff92dd50000 - 0x00007ff92dd68000 	C:\WINDOWS\SYSTEM32\CRYPTSP.dll
0x00007ff92d450000 - 0x00007ff92d484000 	C:\WINDOWS\system32\rsaenh.dll
0x00007ff92ec20000 - 0x00007ff92ec47000 	C:\WINDOWS\System32\bcrypt.dll
0x00007ff92e290000 - 0x00007ff92e2be000 	C:\WINDOWS\SYSTEM32\USERENV.dll
0x00007ff92e430000 - 0x00007ff92e4b0000 	C:\WINDOWS\System32\bcryptprimitives.dll
0x00007ff92dd70000 - 0x00007ff92dd7c000 	C:\WINDOWS\SYSTEM32\CRYPTBASE.dll
0x00007ff92d820000 - 0x00007ff92d85b000 	C:\WINDOWS\SYSTEM32\IPHLPAPI.DLL
0x00007ff930130000 - 0x00007ff930138000 	C:\WINDOWS\System32\NSI.dll
0x00007ff921b30000 - 0x00007ff921b47000 	C:\WINDOWS\SYSTEM32\dhcpcsvc6.DLL
0x00007ff924720000 - 0x00007ff92473d000 	C:\WINDOWS\SYSTEM32\dhcpcsvc.DLL
0x00007ff92d870000 - 0x00007ff92d93b000 	C:\WINDOWS\SYSTEM32\DNSAPI.dll
0x00007ff926de0000 - 0x00007ff926deb000 	C:\WINDOWS\SYSTEM32\WINNSI.DLL

VM Arguments:
jvm_args: -Xmx2048m -Dfile.encoding=UTF-8 -Duser.country=US -Duser.language=en -Duser.variant 
java_command: org.gradle.launcher.daemon.bootstrap.GradleDaemon 6.5
java_class_path (initial): C:\Users\ACER\.gradle\wrapper\dists\gradle-6.5-bin\6nifqtx7604sqp1q6g8wikw7p\gradle-6.5\lib\gradle-launcher-6.5.jar
Launcher Type: SUN_STANDARD

Environment Variables:
PATH=C:\Program Files (x86)\Common Files\Oracle\Java\javapath;C:\Users\ACER\AppData\Local\Microsoft\WindowsApps;C:\Program Files\Java\jdk1.8.0_181\bin;C:\Program Files (x86)\Microsoft SQL Server\90\Tools\binn\;C:\xampp\mysql\bin;C:\WINDOWS\system32;C:\WINDOWS;C:\WINDOWS\System32\Wbem;C:\WINDOWS\System32\WindowsPowerShell\v1.0\;C:\WINDOWS\System32\OpenSSH\;C:\Program Files\NVIDIA Corporation\NVIDIA NvDLISR;C:\Program Files (x86)\NVIDIA Corporation\PhysX\Common;C:\Program Files\Git\cmd;C:\WINDOWS\system32;C:\Users\ACER\AppData\Local\Microsoft\WindowsApps;
USERNAME=ACER
OS=Windows_NT
PROCESSOR_IDENTIFIER=Intel64 Family 6 Model 158 Stepping 10, GenuineIntel



---------------  S Y S T E M  ---------------

OS: Windows 10.0 , 64 bit Build 19041 (10.0.19041.804)

CPU:total 8 (initial active 8) (4 cores per cpu, 2 threads per core) family 6 model 158 stepping 10, cmov, cx8, fxsr, mmx, sse, sse2, sse3, ssse3, sse4.1, sse4.2, popcnt, avx, avx2, aes, clmul, erms, 3dnowpref, lzcnt, ht, tsc, tscinvbit, bmi1, bmi2, adx

Memory: 4k page, physical 8227124k(1011504k free), swap 11852084k(6348k free)

vm_info: OpenJDK 64-Bit Server VM (25.242-b01) for windows-amd64 JRE (1.8.0_242-release-1644-b01), built by "builder" with MS VC++ 10.0 (VS2010)

time: Sat May 29 10:50:34 2021
timezone: SE Asia Standard Time
elapsed time: 6 seconds (0d 0h 0m 6s)

